<?xml version="1.0" encoding="UTF-8"?>
<coverage generated="1768525262022" clover="3.2.0">
  <project timestamp="1768525262022" name="All files">
    <metrics statements="1335" coveredstatements="942" conditionals="1212" coveredconditionals="797" methods="352" coveredmethods="244" elements="2899" coveredelements="1983" complexity="0" loc="1335" ncloc="1335" packages="7" files="27" classes="27"/>
    <package name="src">
      <metrics statements="68" coveredstatements="28" conditionals="53" coveredconditionals="24" methods="29" coveredmethods="15"/>
      <file name="App.tsx" path="/workspace/web/frontend/src/App.tsx">
        <metrics statements="68" coveredstatements="28" conditionals="53" coveredconditionals="24" methods="29" coveredmethods="15"/>
        <line num="71" count="38" type="stmt"/>
        <line num="73" count="38" type="cond" truecount="2" falsecount="0"/>
        <line num="75" count="7" type="stmt"/>
        <line num="109" count="0" type="stmt"/>
        <line num="110" count="0" type="stmt"/>
        <line num="123" count="0" type="stmt"/>
        <line num="124" count="0" type="stmt"/>
        <line num="135" count="0" type="stmt"/>
        <line num="143" count="0" type="stmt"/>
        <line num="151" count="0" type="stmt"/>
        <line num="159" count="0" type="stmt"/>
        <line num="189" count="1" type="stmt"/>
        <line num="221" count="29" type="stmt"/>
        <line num="225" count="1" type="stmt"/>
        <line num="238" count="2" type="stmt"/>
        <line num="256" count="38" type="stmt"/>
        <line num="257" count="38" type="stmt"/>
        <line num="259" count="38" type="stmt"/>
        <line num="282" count="0" type="stmt"/>
        <line num="293" count="1" type="stmt"/>
        <line num="339" count="7" type="stmt"/>
        <line num="351" count="2" type="stmt"/>
        <line num="367" count="29" type="cond" truecount="2" falsecount="0"/>
        <line num="369" count="1" type="stmt"/>
        <line num="389" count="29" type="stmt"/>
        <line num="390" count="29" type="stmt"/>
        <line num="391" count="29" type="stmt"/>
        <line num="392" count="29" type="stmt"/>
        <line num="393" count="29" type="stmt"/>
        <line num="394" count="29" type="stmt"/>
        <line num="397" count="29" type="stmt"/>
        <line num="399" count="0" type="stmt"/>
        <line num="400" count="0" type="cond" truecount="0" falsecount="5"/>
        <line num="401" count="0" type="stmt"/>
        <line num="405" count="0" type="cond" truecount="0" falsecount="2"/>
        <line num="406" count="0" type="cond" truecount="0" falsecount="2"/>
        <line num="407" count="0" type="cond" truecount="0" falsecount="2"/>
        <line num="408" count="0" type="cond" truecount="0" falsecount="2"/>
        <line num="409" count="0" type="cond" truecount="0" falsecount="2"/>
        <line num="410" count="0" type="stmt"/>
        <line num="414" count="0" type="cond" truecount="0" falsecount="5"/>
        <line num="415" count="0" type="cond" truecount="0" falsecount="3"/>
        <line num="417" count="0" type="stmt"/>
        <line num="418" count="0" type="stmt"/>
        <line num="419" count="0" type="stmt"/>
        <line num="420" count="0" type="stmt"/>
        <line num="422" count="0" type="cond" truecount="0" falsecount="2"/>
        <line num="423" count="0" type="stmt"/>
        <line num="424" count="0" type="stmt"/>
        <line num="425" count="0" type="stmt"/>
        <line num="427" count="0" type="stmt"/>
        <line num="429" count="0" type="cond" truecount="0" falsecount="2"/>
        <line num="430" count="0" type="stmt"/>
        <line num="431" count="0" type="stmt"/>
        <line num="432" count="0" type="stmt"/>
        <line num="434" count="0" type="stmt"/>
        <line num="440" count="29" type="stmt"/>
        <line num="441" count="25" type="stmt"/>
        <line num="442" count="25" type="stmt"/>
        <line num="445" count="29" type="stmt"/>
        <line num="453" count="1" type="stmt"/>
        <line num="454" count="1" type="stmt"/>
        <line num="455" count="0" type="stmt"/>
        <line num="456" count="0" type="stmt"/>
        <line num="534" count="0" type="stmt"/>
        <line num="537" count="0" type="stmt"/>
        <line num="540" count="0" type="stmt"/>
        <line num="543" count="0" type="stmt"/>
      </file>
    </package>
    <package name="src.api">
      <metrics statements="18" coveredstatements="2" conditionals="9" coveredconditionals="2" methods="7" coveredmethods="0"/>
      <file name="client.ts" path="/workspace/web/frontend/src/api/client.ts">
        <metrics statements="18" coveredstatements="2" conditionals="9" coveredconditionals="2" methods="7" coveredmethods="0"/>
        <line num="12" count="1" type="cond" truecount="2" falsecount="0"/>
        <line num="19" count="0" type="stmt"/>
        <line num="20" count="0" type="stmt"/>
        <line num="21" count="0" type="stmt"/>
        <line num="22" count="0" type="stmt"/>
        <line num="30" count="0" type="stmt"/>
        <line num="32" count="0" type="stmt"/>
        <line num="40" count="0" type="cond" truecount="0" falsecount="2"/>
        <line num="41" count="0" type="stmt"/>
        <line num="42" count="0" type="stmt"/>
        <line num="49" count="0" type="stmt"/>
        <line num="52" count="1" type="stmt"/>
        <line num="57" count="0" type="stmt"/>
        <line num="70" count="0" type="stmt"/>
        <line num="87" count="0" type="stmt"/>
        <line num="88" count="0" type="cond" truecount="0" falsecount="2"/>
        <line num="90" count="0" type="stmt"/>
        <line num="99" count="0" type="stmt"/>
      </file>
    </package>
    <package name="src.components.common">
      <metrics statements="29" coveredstatements="23" conditionals="11" coveredconditionals="6" methods="10" coveredmethods="4"/>
      <file name="Button.tsx" path="/workspace/web/frontend/src/components/common/Button.tsx">
        <metrics statements="4" coveredstatements="4" conditionals="0" coveredconditionals="0" methods="1" coveredmethods="1"/>
        <line num="5" count="11" type="stmt"/>
        <line num="39" count="11" type="stmt"/>
        <line num="41" count="3229" type="stmt"/>
        <line num="50" count="11" type="stmt"/>
      </file>
      <file name="Card.tsx" path="/workspace/web/frontend/src/components/common/Card.tsx">
        <metrics statements="18" coveredstatements="12" conditionals="0" coveredconditionals="0" methods="6" coveredmethods="0"/>
        <line num="4" count="1" type="stmt"/>
        <line num="8" count="0" type="stmt"/>
        <line num="17" count="1" type="stmt"/>
        <line num="19" count="1" type="stmt"/>
        <line num="23" count="0" type="stmt"/>
        <line num="29" count="1" type="stmt"/>
        <line num="31" count="1" type="stmt"/>
        <line num="35" count="0" type="stmt"/>
        <line num="41" count="1" type="stmt"/>
        <line num="43" count="1" type="stmt"/>
        <line num="47" count="0" type="stmt"/>
        <line num="53" count="1" type="stmt"/>
        <line num="55" count="1" type="stmt"/>
        <line num="59" count="0" type="stmt"/>
        <line num="61" count="1" type="stmt"/>
        <line num="63" count="1" type="stmt"/>
        <line num="67" count="0" type="stmt"/>
        <line num="73" count="1" type="stmt"/>
      </file>
      <file name="Input.tsx" path="/workspace/web/frontend/src/components/common/Input.tsx">
        <metrics statements="5" coveredstatements="5" conditionals="11" coveredconditionals="6" methods="1" coveredmethods="1"/>
        <line num="11" count="3" type="stmt"/>
        <line num="13" count="151" type="stmt"/>
        <line num="14" count="151" type="cond" truecount="2" falsecount="0"/>
        <line num="16" count="151" type="stmt"/>
        <line num="47" count="3" type="stmt"/>
      </file>
      <file name="SkipLink.tsx" path="/workspace/web/frontend/src/components/common/SkipLink.tsx">
        <metrics statements="2" coveredstatements="2" conditionals="0" coveredconditionals="0" methods="2" coveredmethods="2"/>
        <line num="18" count="68" type="stmt"/>
        <line num="42" count="32" type="stmt"/>
      </file>
      <file name="index.ts" path="/workspace/web/frontend/src/components/common/index.ts">
        <metrics statements="0" coveredstatements="0" conditionals="0" coveredconditionals="0" methods="0" coveredmethods="0"/>
      </file>
    </package>
    <package name="src.components.config-builder">
      <metrics statements="1049" coveredstatements="761" conditionals="1049" coveredconditionals="722" methods="250" coveredmethods="178"/>
      <file name="AlgorithmSelector.tsx" path="/workspace/web/frontend/src/components/config-builder/AlgorithmSelector.tsx">
        <metrics statements="9" coveredstatements="9" conditionals="8" coveredconditionals="8" methods="5" coveredmethods="5"/>
        <line num="7" count="2" type="stmt"/>
        <line num="20" count="201" type="stmt"/>
        <line num="22" count="201" type="stmt"/>
        <line num="65" count="402" type="stmt"/>
        <line num="83" count="67" type="stmt"/>
        <line num="84" count="67" type="stmt"/>
        <line num="86" count="67" type="stmt"/>
        <line num="97" count="201" type="stmt"/>
        <line num="101" count="4" type="stmt"/>
      </file>
      <file name="ClusterConfig.tsx" path="/workspace/web/frontend/src/components/config-builder/ClusterConfig.tsx">
        <metrics statements="55" coveredstatements="50" conditionals="51" coveredconditionals="38" methods="21" coveredmethods="17"/>
        <line num="15" count="2" type="stmt"/>
        <line num="55" count="2" type="stmt"/>
        <line num="73" count="628" type="stmt"/>
        <line num="75" count="628" type="stmt"/>
        <line num="80" count="0" type="stmt"/>
        <line num="81" count="0" type="stmt"/>
        <line num="82" count="0" type="stmt"/>
        <line num="83" count="0" type="stmt"/>
        <line num="107" count="183" type="stmt"/>
        <line num="108" count="630" type="stmt"/>
        <line num="110" count="183" type="stmt"/>
        <line num="119" count="5" type="stmt"/>
        <line num="132" count="17" type="stmt"/>
        <line num="136" count="4" type="stmt"/>
        <line num="137" count="4" type="stmt"/>
        <line num="161" count="89" type="stmt"/>
        <line num="162" count="89" type="stmt"/>
        <line num="163" count="89" type="stmt"/>
        <line num="165" count="89" type="stmt"/>
        <line num="167" count="3" type="stmt"/>
        <line num="168" count="4" type="stmt"/>
        <line num="169" count="3" type="cond" truecount="1" falsecount="1"/>
        <line num="171" count="3" type="cond" truecount="1" falsecount="1"/>
        <line num="172" count="3" type="stmt"/>
        <line num="174" count="3" type="cond" truecount="1" falsecount="1"/>
        <line num="175" count="3" type="stmt"/>
        <line num="177" count="3" type="cond" truecount="1" falsecount="1"/>
        <line num="178" count="3" type="stmt"/>
        <line num="180" count="3" type="cond" truecount="1" falsecount="1"/>
        <line num="181" count="3" type="stmt"/>
        <line num="183" count="3" type="cond" truecount="1" falsecount="1"/>
        <line num="184" count="0" type="stmt"/>
        <line num="186" count="3" type="cond" truecount="1" falsecount="1"/>
        <line num="187" count="3" type="stmt"/>
        <line num="194" count="89" type="stmt"/>
        <line num="196" count="3" type="stmt"/>
        <line num="197" count="3" type="cond" truecount="4" falsecount="1"/>
        <line num="198" count="3" type="stmt"/>
        <line num="204" count="89" type="stmt"/>
        <line num="206" count="1" type="stmt"/>
        <line num="207" count="1" type="cond" truecount="1" falsecount="1"/>
        <line num="208" count="1" type="stmt"/>
        <line num="214" count="89" type="stmt"/>
        <line num="216" count="2" type="stmt"/>
        <line num="221" count="89" type="stmt"/>
        <line num="223" count="1" type="cond" truecount="1" falsecount="1"/>
        <line num="228" count="89" type="stmt"/>
        <line num="230" count="1" type="cond" truecount="1" falsecount="1"/>
        <line num="235" count="89" type="stmt"/>
        <line num="237" count="89" type="stmt"/>
        <line num="250" count="267" type="stmt"/>
        <line num="267" count="178" type="stmt"/>
        <line num="268" count="178" type="stmt"/>
        <line num="269" count="178" type="stmt"/>
        <line num="273" count="2" type="stmt"/>
      </file>
      <file name="ConfigDiff.tsx" path="/workspace/web/frontend/src/components/config-builder/ConfigDiff.tsx">
        <metrics statements="92" coveredstatements="82" conditionals="145" coveredconditionals="119" methods="25" coveredmethods="20"/>
        <line num="44" count="39" type="stmt"/>
        <line num="74" count="39" type="stmt"/>
        <line num="85" count="23" type="stmt"/>
        <line num="86" count="23" type="stmt"/>
        <line num="87" count="23" type="stmt"/>
        <line num="90" count="23" type="stmt"/>
        <line num="92" count="23" type="stmt"/>
        <line num="93" count="23" type="stmt"/>
        <line num="94" count="23" type="stmt"/>
        <line num="96" count="23" type="cond" truecount="2" falsecount="0"/>
        <line num="97" count="299" type="cond" truecount="7" falsecount="0"/>
        <line num="103" count="286" type="stmt"/>
        <line num="108" count="286" type="stmt"/>
        <line num="109" count="286" type="stmt"/>
        <line num="110" count="286" type="stmt"/>
        <line num="111" count="13" type="cond" truecount="5" falsecount="0"/>
        <line num="114" count="12" type="cond" truecount="4" falsecount="0"/>
        <line num="116" count="10" type="stmt"/>
        <line num="121" count="10" type="stmt"/>
        <line num="122" count="10" type="stmt"/>
        <line num="125" count="2" type="stmt"/>
        <line num="130" count="2" type="stmt"/>
        <line num="132" count="1" type="cond" truecount="3" falsecount="2"/>
        <line num="135" count="1" type="stmt"/>
        <line num="140" count="1" type="stmt"/>
        <line num="144" count="23" type="stmt"/>
        <line num="151" count="23" type="stmt"/>
        <line num="152" count="23" type="stmt"/>
        <line num="155" count="321" type="stmt"/>
        <line num="158" count="23" type="stmt"/>
        <line num="159" count="298" type="stmt"/>
        <line num="160" count="4642" type="cond" truecount="2" falsecount="0"/>
        <line num="161" count="286" type="stmt"/>
        <line num="163" count="4356" type="stmt"/>
        <line num="169" count="23" type="stmt"/>
        <line num="170" count="23" type="stmt"/>
        <line num="171" count="23" type="cond" truecount="2" falsecount="0"/>
        <line num="172" count="308" type="cond" truecount="2" falsecount="0"/>
        <line num="173" count="286" type="stmt"/>
        <line num="174" count="286" type="stmt"/>
        <line num="175" count="286" type="stmt"/>
        <line num="176" count="22" type="cond" truecount="2" falsecount="0"/>
        <line num="177" count="11" type="stmt"/>
        <line num="179" count="11" type="stmt"/>
        <line num="183" count="23" type="stmt"/>
        <line num="190" count="11" type="stmt"/>
        <line num="191" count="11" type="stmt"/>
        <line num="193" count="11" type="cond" truecount="3" falsecount="1"/>
        <line num="195" count="11" type="cond" truecount="2" falsecount="0"/>
        <line num="198" count="0" type="stmt"/>
        <line num="205" count="24" type="stmt"/>
        <line num="207" count="294" type="cond" truecount="2" falsecount="0"/>
        <line num="208" count="294" type="cond" truecount="2" falsecount="0"/>
        <line num="209" count="294" type="cond" truecount="2" falsecount="0"/>
        <line num="210" count="294" type="stmt"/>
        <line num="229" count="22" type="stmt"/>
        <line num="230" count="22" type="stmt"/>
        <line num="231" count="22" type="cond" truecount="1" falsecount="1"/>
        <line num="232" count="22" type="stmt"/>
        <line num="233" count="22" type="stmt"/>
        <line num="234" count="22" type="stmt"/>
        <line num="237" count="22" type="stmt"/>
        <line num="240" count="22" type="stmt"/>
        <line num="241" count="20" type="cond" truecount="2" falsecount="0"/>
        <line num="242" count="19" type="stmt"/>
        <line num="243" count="18" type="cond" truecount="1" falsecount="1"/>
        <line num="245" count="2" type="stmt"/>
        <line num="249" count="22" type="stmt"/>
        <line num="250" count="20" type="cond" truecount="2" falsecount="0"/>
        <line num="251" count="18" type="stmt"/>
        <line num="255" count="22" type="stmt"/>
        <line num="258" count="22" type="stmt"/>
        <line num="259" count="0" type="stmt"/>
        <line num="260" count="0" type="cond" truecount="0" falsecount="2"/>
        <line num="263" count="0" type="cond" truecount="0" falsecount="3"/>
        <line num="264" count="0" type="stmt"/>
        <line num="267" count="0" type="stmt"/>
        <line num="268" count="0" type="stmt"/>
        <line num="269" count="0" type="stmt"/>
        <line num="273" count="22" type="stmt"/>
        <line num="274" count="19" type="stmt"/>
        <line num="275" count="18" type="cond" truecount="1" falsecount="1"/>
        <line num="278" count="22" type="cond" truecount="2" falsecount="0"/>
        <line num="280" count="21" type="stmt"/>
        <line num="328" count="0" type="stmt"/>
        <line num="341" count="2" type="stmt"/>
        <line num="362" count="2" type="stmt"/>
        <line num="381" count="18" type="stmt"/>
        <line num="387" count="1" type="stmt"/>
        <line num="388" count="1" type="stmt"/>
        <line num="439" count="0" type="stmt"/>
        <line num="474" count="305" type="stmt"/>
      </file>
      <file name="DatasetSelector.tsx" path="/workspace/web/frontend/src/components/config-builder/DatasetSelector.tsx">
        <metrics statements="22" coveredstatements="22" conditionals="23" coveredconditionals="21" methods="11" coveredmethods="11"/>
        <line num="10" count="2" type="stmt"/>
        <line num="68" count="425" type="stmt"/>
        <line num="107" count="1346" type="stmt"/>
        <line num="130" count="74" type="stmt"/>
        <line num="131" count="74" type="stmt"/>
        <line num="132" count="74" type="stmt"/>
        <line num="133" count="74" type="stmt"/>
        <line num="135" count="74" type="stmt"/>
        <line num="137" count="444" type="cond" truecount="3" falsecount="0"/>
        <line num="142" count="74" type="stmt"/>
        <line num="144" count="1" type="stmt"/>
        <line num="145" count="1" type="stmt"/>
        <line num="150" count="74" type="stmt"/>
        <line num="151" count="1" type="cond" truecount="1" falsecount="1"/>
        <line num="152" count="1" type="stmt"/>
        <line num="153" count="1" type="stmt"/>
        <line num="157" count="82" type="stmt"/>
        <line num="159" count="74" type="stmt"/>
        <line num="175" count="4" type="stmt"/>
        <line num="183" count="425" type="stmt"/>
        <line num="187" count="1" type="stmt"/>
        <line num="207" count="1" type="stmt"/>
      </file>
      <file name="HelpSystem.tsx" path="/workspace/web/frontend/src/components/config-builder/HelpSystem.tsx">
        <metrics statements="27" coveredstatements="26" conditionals="22" coveredconditionals="20" methods="12" coveredmethods="11"/>
        <line num="47" count="2" type="stmt"/>
        <line num="380" count="2" type="stmt"/>
        <line num="565" count="46" type="cond" truecount="2" falsecount="0"/>
        <line num="567" count="53" type="cond" truecount="1" falsecount="1"/>
        <line num="569" count="46" type="cond" truecount="2" falsecount="0"/>
        <line num="571" count="13" type="stmt"/>
        <line num="610" count="104" type="stmt"/>
        <line num="612" count="1" type="stmt"/>
        <line num="679" count="59" type="stmt"/>
        <line num="681" count="59" type="stmt"/>
        <line num="682" count="16" type="cond" truecount="2" falsecount="0"/>
        <line num="683" count="15" type="stmt"/>
        <line num="685" count="1" type="stmt"/>
        <line num="689" count="59" type="stmt"/>
        <line num="690" count="1" type="cond" truecount="1" falsecount="1"/>
        <line num="691" count="1" type="stmt"/>
        <line num="695" count="59" type="stmt"/>
        <line num="696" count="1" type="stmt"/>
        <line num="699" count="59" type="cond" truecount="2" falsecount="0"/>
        <line num="701" count="29" type="stmt"/>
        <line num="702" count="29" type="stmt"/>
        <line num="704" count="29" type="stmt"/>
        <line num="718" count="203" type="stmt"/>
        <line num="784" count="5" type="stmt"/>
        <line num="786" count="5" type="stmt"/>
        <line num="790" count="2" type="stmt"/>
        <line num="801" count="0" type="stmt"/>
      </file>
      <file name="HyperparameterForm.tsx" path="/workspace/web/frontend/src/components/config-builder/HyperparameterForm.tsx">
        <metrics statements="43" coveredstatements="33" conditionals="45" coveredconditionals="39" methods="17" coveredmethods="11"/>
        <line num="20" count="2" type="stmt"/>
        <line num="79" count="421" type="stmt"/>
        <line num="81" count="421" type="stmt"/>
        <line num="86" count="0" type="stmt"/>
        <line num="87" count="0" type="stmt"/>
        <line num="88" count="0" type="stmt"/>
        <line num="89" count="0" type="stmt"/>
        <line num="113" count="758" type="cond" truecount="1" falsecount="1"/>
        <line num="114" count="0" type="stmt"/>
        <line num="116" count="758" type="cond" truecount="2" falsecount="0"/>
        <line num="117" count="4" type="stmt"/>
        <line num="122" count="754" type="cond" truecount="2" falsecount="0"/>
        <line num="123" count="4" type="stmt"/>
        <line num="128" count="750" type="stmt"/>
        <line num="138" count="421" type="stmt"/>
        <line num="141" count="421" type="stmt"/>
        <line num="143" count="421" type="stmt"/>
        <line num="145" count="421" type="stmt"/>
        <line num="147" count="9" type="stmt"/>
        <line num="148" count="9" type="stmt"/>
        <line num="150" count="9" type="stmt"/>
        <line num="151" count="9" type="cond" truecount="1" falsecount="1"/>
        <line num="152" count="9" type="stmt"/>
        <line num="158" count="421" type="stmt"/>
        <line num="159" count="0" type="stmt"/>
        <line num="161" count="0" type="cond" truecount="0" falsecount="2"/>
        <line num="162" count="0" type="stmt"/>
        <line num="164" count="0" type="stmt"/>
        <line num="168" count="421" type="stmt"/>
        <line num="169" count="0" type="stmt"/>
        <line num="172" count="421" type="stmt"/>
        <line num="225" count="85" type="stmt"/>
        <line num="226" count="85" type="stmt"/>
        <line num="229" count="85" type="stmt"/>
        <line num="230" count="425" type="cond" truecount="2" falsecount="0"/>
        <line num="231" count="85" type="stmt"/>
        <line num="234" count="85" type="stmt"/>
        <line num="236" count="9" type="stmt"/>
        <line num="242" count="85" type="stmt"/>
        <line num="243" count="408" type="stmt"/>
        <line num="246" count="85" type="stmt"/>
        <line num="257" count="421" type="stmt"/>
        <line num="261" count="9" type="stmt"/>
      </file>
      <file name="ImportConfig.tsx" path="/workspace/web/frontend/src/components/config-builder/ImportConfig.tsx">
        <metrics statements="167" coveredstatements="121" conditionals="148" coveredconditionals="101" methods="19" coveredmethods="9"/>
        <line num="33" count="7" type="stmt"/>
        <line num="34" count="7" type="stmt"/>
        <line num="35" count="7" type="stmt"/>
        <line num="37" count="7" type="cond" truecount="4" falsecount="0"/>
        <line num="38" count="1" type="stmt"/>
        <line num="39" count="1" type="stmt"/>
        <line num="42" count="6" type="stmt"/>
        <line num="45" count="6" type="cond" truecount="1" falsecount="1"/>
        <line num="46" count="6" type="stmt"/>
        <line num="47" count="6" type="cond" truecount="2" falsecount="0"/>
        <line num="48" count="5" type="stmt"/>
        <line num="50" count="1" type="stmt"/>
        <line num="55" count="6" type="cond" truecount="2" falsecount="0"/>
        <line num="56" count="4" type="cond" truecount="2" falsecount="0"/>
        <line num="57" count="3" type="stmt"/>
        <line num="58" count="1" type="cond" truecount="3" falsecount="1"/>
        <line num="59" count="1" type="stmt"/>
        <line num="60" count="1" type="cond" truecount="1" falsecount="1"/>
        <line num="61" count="1" type="stmt"/>
        <line num="63" count="1" type="cond" truecount="1" falsecount="1"/>
        <line num="64" count="1" type="stmt"/>
        <line num="65" count="1" type="cond" truecount="1" falsecount="1"/>
        <line num="66" count="1" type="stmt"/>
        <line num="68" count="0" type="stmt"/>
        <line num="75" count="6" type="cond" truecount="2" falsecount="0"/>
        <line num="76" count="3" type="cond" truecount="2" falsecount="0"/>
        <line num="77" count="2" type="stmt"/>
        <line num="78" count="1" type="cond" truecount="3" falsecount="1"/>
        <line num="79" count="1" type="stmt"/>
        <line num="80" count="1" type="cond" truecount="1" falsecount="1"/>
        <line num="81" count="1" type="stmt"/>
        <line num="87" count="6" type="cond" truecount="4" falsecount="0"/>
        <line num="88" count="1" type="stmt"/>
        <line num="89" count="1" type="cond" truecount="1" falsecount="1"/>
        <line num="90" count="1" type="stmt"/>
        <line num="95" count="6" type="stmt"/>
        <line num="96" count="6" type="cond" truecount="3" falsecount="0"/>
        <line num="98" count="7" type="cond" truecount="2" falsecount="0"/>
        <line num="99" count="3" type="stmt"/>
        <line num="100" count="3" type="cond" truecount="3" falsecount="1"/>
        <line num="101" count="3" type="stmt"/>
        <line num="104" count="6" type="cond" truecount="2" falsecount="0"/>
        <line num="105" count="3" type="stmt"/>
        <line num="106" count="3" type="cond" truecount="3" falsecount="1"/>
        <line num="107" count="3" type="stmt"/>
        <line num="110" count="6" type="cond" truecount="2" falsecount="0"/>
        <line num="111" count="1" type="stmt"/>
        <line num="112" count="1" type="cond" truecount="3" falsecount="1"/>
        <line num="113" count="1" type="stmt"/>
        <line num="116" count="6" type="cond" truecount="1" falsecount="1"/>
        <line num="117" count="0" type="stmt"/>
        <line num="118" count="0" type="cond" truecount="0" falsecount="4"/>
        <line num="119" count="0" type="stmt"/>
        <line num="122" count="6" type="cond" truecount="4" falsecount="1"/>
        <line num="124" count="0" type="stmt"/>
        <line num="128" count="0" type="cond" truecount="0" falsecount="4"/>
        <line num="129" count="0" type="stmt"/>
        <line num="133" count="6" type="cond" truecount="2" falsecount="0"/>
        <line num="134" count="3" type="stmt"/>
        <line num="138" count="6" type="cond" truecount="2" falsecount="0"/>
        <line num="139" count="7" type="stmt"/>
        <line num="141" count="7" type="cond" truecount="2" falsecount="0"/>
        <line num="142" count="2" type="stmt"/>
        <line num="143" count="2" type="cond" truecount="3" falsecount="1"/>
        <line num="144" count="2" type="stmt"/>
        <line num="147" count="6" type="cond" truecount="2" falsecount="0"/>
        <line num="148" count="1" type="stmt"/>
        <line num="149" count="1" type="cond" truecount="3" falsecount="1"/>
        <line num="150" count="1" type="stmt"/>
        <line num="153" count="6" type="cond" truecount="2" falsecount="0"/>
        <line num="154" count="1" type="stmt"/>
        <line num="156" count="6" type="cond" truecount="2" falsecount="0"/>
        <line num="157" count="1" type="stmt"/>
        <line num="159" count="6" type="cond" truecount="2" falsecount="0"/>
        <line num="160" count="1" type="stmt"/>
        <line num="163" count="6" type="cond" truecount="2" falsecount="0"/>
        <line num="164" count="2" type="stmt"/>
        <line num="168" count="6" type="stmt"/>
        <line num="169" count="6" type="stmt"/>
        <line num="170" count="19" type="cond" truecount="1" falsecount="1"/>
        <line num="171" count="0" type="stmt"/>
        <line num="175" count="6" type="stmt"/>
        <line num="182" count="722" type="stmt"/>
        <line num="183" count="722" type="stmt"/>
        <line num="184" count="722" type="stmt"/>
        <line num="185" count="722" type="stmt"/>
        <line num="186" count="722" type="stmt"/>
        <line num="187" count="722" type="stmt"/>
        <line num="188" count="722" type="stmt"/>
        <line num="193" count="722" type="stmt"/>
        <line num="194" count="7" type="stmt"/>
        <line num="195" count="7" type="stmt"/>
        <line num="197" count="7" type="stmt"/>
        <line num="200" count="7" type="stmt"/>
        <line num="201" count="7" type="stmt"/>
        <line num="204" count="0" type="stmt"/>
        <line num="205" count="0" type="stmt"/>
        <line num="207" count="0" type="stmt"/>
        <line num="211" count="7" type="stmt"/>
        <line num="213" count="7" type="cond" truecount="2" falsecount="0"/>
        <line num="214" count="2" type="stmt"/>
        <line num="215" count="2" type="stmt"/>
        <line num="216" count="2" type="stmt"/>
        <line num="219" count="5" type="stmt"/>
        <line num="222" count="5" type="cond" truecount="1" falsecount="1"/>
        <line num="223" count="5" type="stmt"/>
        <line num="225" count="5" type="cond" truecount="2" falsecount="0"/>
        <line num="226" count="4" type="stmt"/>
        <line num="228" count="5" type="cond" truecount="2" falsecount="0"/>
        <line num="229" count="3" type="stmt"/>
        <line num="231" count="5" type="cond" truecount="2" falsecount="0"/>
        <line num="232" count="2" type="stmt"/>
        <line num="234" count="5" type="cond" truecount="2" falsecount="0"/>
        <line num="235" count="3" type="stmt"/>
        <line num="236" count="7" type="stmt"/>
        <line num="239" count="5" type="cond" truecount="2" falsecount="0"/>
        <line num="240" count="2" type="stmt"/>
        <line num="241" count="6" type="stmt"/>
        <line num="245" count="5" type="stmt"/>
        <line num="248" count="5" type="stmt"/>
        <line num="251" count="5" type="cond" truecount="1" falsecount="1"/>
        <line num="252" count="0" type="stmt"/>
        <line num="255" count="0" type="stmt"/>
        <line num="256" count="0" type="stmt"/>
        <line num="263" count="722" type="stmt"/>
        <line num="264" count="0" type="stmt"/>
        <line num="265" count="0" type="stmt"/>
        <line num="266" count="0" type="stmt"/>
        <line num="267" count="0" type="cond" truecount="0" falsecount="2"/>
        <line num="268" count="0" type="stmt"/>
        <line num="271" count="0" type="stmt"/>
        <line num="272" count="0" type="stmt"/>
        <line num="273" count="0" type="stmt"/>
        <line num="275" count="0" type="stmt"/>
        <line num="281" count="722" type="stmt"/>
        <line num="282" count="0" type="stmt"/>
        <line num="283" count="0" type="stmt"/>
        <line num="286" count="722" type="stmt"/>
        <line num="287" count="0" type="stmt"/>
        <line num="288" count="0" type="stmt"/>
        <line num="289" count="0" type="cond" truecount="0" falsecount="4"/>
        <line num="290" count="0" type="stmt"/>
        <line num="294" count="722" type="stmt"/>
        <line num="295" count="0" type="stmt"/>
        <line num="296" count="0" type="stmt"/>
        <line num="297" count="0" type="stmt"/>
        <line num="300" count="722" type="stmt"/>
        <line num="301" count="0" type="stmt"/>
        <line num="302" count="0" type="stmt"/>
        <line num="303" count="0" type="stmt"/>
        <line num="305" count="0" type="cond" truecount="0" falsecount="4"/>
        <line num="306" count="0" type="stmt"/>
        <line num="307" count="0" type="stmt"/>
        <line num="314" count="722" type="stmt"/>
        <line num="315" count="0" type="stmt"/>
        <line num="316" count="0" type="stmt"/>
        <line num="317" count="0" type="stmt"/>
        <line num="319" count="0" type="stmt"/>
        <line num="326" count="722" type="stmt"/>
        <line num="327" count="0" type="stmt"/>
        <line num="328" count="0" type="cond" truecount="0" falsecount="2"/>
        <line num="329" count="0" type="stmt"/>
        <line num="333" count="722" type="stmt"/>
        <line num="367" count="2" type="stmt"/>
        <line num="415" count="0" type="stmt"/>
        <line num="437" count="696" type="stmt"/>
        <line num="454" count="7" type="stmt"/>
      </file>
      <file name="ModelSelector.tsx" path="/workspace/web/frontend/src/components/config-builder/ModelSelector.tsx">
        <metrics statements="20" coveredstatements="20" conditionals="20" coveredconditionals="19" methods="9" coveredmethods="9"/>
        <line num="10" count="2" type="stmt"/>
        <line num="48" count="301" type="stmt"/>
        <line num="91" count="77" type="stmt"/>
        <line num="92" count="77" type="stmt"/>
        <line num="93" count="77" type="stmt"/>
        <line num="94" count="77" type="stmt"/>
        <line num="96" count="77" type="stmt"/>
        <line num="98" count="308" type="cond" truecount="2" falsecount="0"/>
        <line num="102" count="77" type="stmt"/>
        <line num="104" count="2" type="stmt"/>
        <line num="105" count="2" type="stmt"/>
        <line num="110" count="77" type="stmt"/>
        <line num="111" count="2" type="cond" truecount="1" falsecount="1"/>
        <line num="112" count="2" type="stmt"/>
        <line num="113" count="2" type="stmt"/>
        <line num="117" count="77" type="stmt"/>
        <line num="133" count="2" type="stmt"/>
        <line num="141" count="301" type="stmt"/>
        <line num="145" count="2" type="stmt"/>
        <line num="165" count="2" type="stmt"/>
      </file>
      <file name="RewardEditor.tsx" path="/workspace/web/frontend/src/components/config-builder/RewardEditor.tsx">
        <metrics statements="103" coveredstatements="87" conditionals="94" coveredconditionals="78" methods="21" coveredmethods="14"/>
        <line num="49" count="2" type="stmt"/>
        <line num="262" count="89" type="stmt"/>
        <line num="263" count="89" type="stmt"/>
        <line num="264" count="89" type="stmt"/>
        <line num="267" count="89" type="stmt"/>
        <line num="268" count="89" type="stmt"/>
        <line num="269" count="89" type="stmt"/>
        <line num="270" count="89" type="stmt"/>
        <line num="272" count="89" type="stmt"/>
        <line num="273" count="1881" type="stmt"/>
        <line num="274" count="1881" type="stmt"/>
        <line num="277" count="1881" type="cond" truecount="4" falsecount="0"/>
        <line num="278" count="624" type="stmt"/>
        <line num="282" count="1257" type="cond" truecount="2" falsecount="0"/>
        <line num="283" count="89" type="cond" truecount="2" falsecount="0"/>
        <line num="284" count="86" type="stmt"/>
        <line num="286" count="89" type="stmt"/>
        <line num="287" count="89" type="stmt"/>
        <line num="290" count="89" type="cond" truecount="4" falsecount="0"/>
        <line num="291" count="3" type="stmt"/>
        <line num="293" count="89" type="cond" truecount="2" falsecount="0"/>
        <line num="294" count="5" type="stmt"/>
        <line num="299" count="1257" type="cond" truecount="4" falsecount="0"/>
        <line num="300" count="160" type="stmt"/>
        <line num="305" count="1257" type="stmt"/>
        <line num="307" count="1257" type="stmt"/>
        <line num="309" count="1257" type="stmt"/>
        <line num="311" count="1257" type="stmt"/>
        <line num="312" count="1257" type="stmt"/>
        <line num="314" count="1257" type="stmt"/>
        <line num="315" count="45761" type="cond" truecount="5" falsecount="0"/>
        <line num="316" count="455" type="stmt"/>
        <line num="317" count="45306" type="cond" truecount="5" falsecount="0"/>
        <line num="318" count="451" type="cond" truecount="3" falsecount="1"/>
        <line num="319" count="451" type="cond" truecount="1" falsecount="1"/>
        <line num="320" count="0" type="stmt"/>
        <line num="321" count="451" type="cond" truecount="2" falsecount="0"/>
        <line num="322" count="1" type="stmt"/>
        <line num="324" count="450" type="stmt"/>
        <line num="330" count="1257" type="cond" truecount="4" falsecount="0"/>
        <line num="331" count="1" type="stmt"/>
        <line num="335" count="1257" type="cond" truecount="2" falsecount="2"/>
        <line num="336" count="0" type="stmt"/>
        <line num="341" count="89" type="stmt"/>
        <line num="342" count="5" type="stmt"/>
        <line num="346" count="89" type="cond" truecount="2" falsecount="0"/>
        <line num="347" count="3" type="stmt"/>
        <line num="351" count="89" type="cond" truecount="5" falsecount="0"/>
        <line num="352" count="3" type="stmt"/>
        <line num="355" count="89" type="stmt"/>
        <line num="373" count="148" type="stmt"/>
        <line num="374" count="148" type="stmt"/>
        <line num="375" count="148" type="stmt"/>
        <line num="376" count="148" type="stmt"/>
        <line num="377" count="148" type="stmt"/>
        <line num="378" count="148" type="stmt"/>
        <line num="379" count="148" type="stmt"/>
        <line num="380" count="148" type="stmt"/>
        <line num="381" count="148" type="stmt"/>
        <line num="384" count="148" type="stmt"/>
        <line num="387" count="148" type="stmt"/>
        <line num="388" count="0" type="stmt"/>
        <line num="389" count="0" type="stmt"/>
        <line num="392" count="0" type="stmt"/>
        <line num="417" count="148" type="stmt"/>
        <line num="418" count="5" type="cond" truecount="2" falsecount="2"/>
        <line num="420" count="0" type="stmt"/>
        <line num="421" count="0" type="cond" truecount="0" falsecount="2"/>
        <line num="423" count="0" type="stmt"/>
        <line num="424" count="0" type="stmt"/>
        <line num="432" count="0" type="stmt"/>
        <line num="442" count="0" type="stmt"/>
        <line num="446" count="148" type="stmt"/>
        <line num="447" count="2" type="cond" truecount="1" falsecount="1"/>
        <line num="448" count="2" type="stmt"/>
        <line num="451" count="2" type="stmt"/>
        <line num="452" count="2" type="stmt"/>
        <line num="453" count="2" type="stmt"/>
        <line num="457" count="148" type="stmt"/>
        <line num="458" count="3" type="stmt"/>
        <line num="459" count="3" type="stmt"/>
        <line num="462" count="3" type="stmt"/>
        <line num="463" count="3" type="stmt"/>
        <line num="464" count="3" type="stmt"/>
        <line num="467" count="3" type="stmt"/>
        <line num="471" count="148" type="stmt"/>
        <line num="472" count="0" type="stmt"/>
        <line num="473" count="0" type="stmt"/>
        <line num="474" count="0" type="stmt"/>
        <line num="478" count="148" type="stmt"/>
        <line num="479" count="68" type="stmt"/>
        <line num="480" count="68" type="stmt"/>
        <line num="484" count="148" type="cond" truecount="2" falsecount="0"/>
        <line num="485" count="4" type="stmt"/>
        <line num="488" count="144" type="stmt"/>
        <line num="535" count="5" type="stmt"/>
        <line num="542" count="154" type="cond" truecount="1" falsecount="1"/>
        <line num="555" count="30" type="stmt"/>
        <line num="558" count="3" type="stmt"/>
        <line num="589" count="8" type="stmt"/>
        <line num="598" count="4" type="stmt"/>
        <line num="617" count="0" type="stmt"/>
        <line num="687" count="0" type="stmt"/>
      </file>
      <file name="ScriptPreview.tsx" path="/workspace/web/frontend/src/components/config-builder/ScriptPreview.tsx">
        <metrics statements="147" coveredstatements="87" conditionals="93" coveredconditionals="61" methods="34" coveredmethods="18"/>
        <line num="21" count="2" type="stmt"/>
        <line num="34" count="63" type="stmt"/>
        <line num="35" count="63" type="stmt"/>
        <line num="36" count="63" type="stmt"/>
        <line num="37" count="63" type="stmt"/>
        <line num="38" count="63" type="stmt"/>
        <line num="39" count="63" type="stmt"/>
        <line num="41" count="63" type="stmt"/>
        <line num="43" count="10" type="cond" truecount="2" falsecount="0"/>
        <line num="44" count="1" type="stmt"/>
        <line num="46" count="10" type="stmt"/>
        <line num="48" count="10" type="stmt"/>
        <line num="49" count="10" type="stmt"/>
        <line num="51" count="10" type="stmt"/>
        <line num="52" count="10" type="stmt"/>
        <line num="55" count="9" type="stmt"/>
        <line num="56" count="9" type="cond" truecount="1" falsecount="1"/>
        <line num="57" count="0" type="stmt"/>
        <line num="58" count="0" type="cond" truecount="0" falsecount="2"/>
        <line num="59" count="0" type="stmt"/>
        <line num="62" count="0" type="cond" truecount="0" falsecount="2"/>
        <line num="64" count="0" type="stmt"/>
        <line num="65" count="0" type="stmt"/>
        <line num="66" count="0" type="cond" truecount="0" falsecount="2"/>
        <line num="69" count="0" type="cond" truecount="0" falsecount="2"/>
        <line num="70" count="0" type="stmt"/>
        <line num="71" count="0" type="stmt"/>
        <line num="76" count="9" type="stmt"/>
        <line num="81" count="1" type="cond" truecount="3" falsecount="1"/>
        <line num="82" count="1" type="stmt"/>
        <line num="83" count="1" type="stmt"/>
        <line num="86" count="10" type="stmt"/>
        <line num="91" count="63" type="stmt"/>
        <line num="92" count="43" type="cond" truecount="2" falsecount="0"/>
        <line num="93" count="2" type="stmt"/>
        <line num="96" count="43" type="stmt"/>
        <line num="97" count="10" type="stmt"/>
        <line num="100" count="43" type="stmt"/>
        <line num="101" count="43" type="cond" truecount="1" falsecount="1"/>
        <line num="102" count="43" type="stmt"/>
        <line num="107" count="63" type="stmt"/>
        <line num="119" count="63" type="stmt"/>
        <line num="120" count="155" type="cond" truecount="2" falsecount="0"/>
        <line num="122" count="150" type="cond" truecount="2" falsecount="0"/>
        <line num="123" count="55" type="stmt"/>
        <line num="126" count="95" type="cond" truecount="1" falsecount="1"/>
        <line num="127" count="0" type="stmt"/>
        <line num="128" count="0" type="stmt"/>
        <line num="137" count="95" type="cond" truecount="2" falsecount="0"/>
        <line num="138" count="11" type="stmt"/>
        <line num="139" count="11" type="cond" truecount="1" falsecount="1"/>
        <line num="140" count="11" type="stmt"/>
        <line num="152" count="84" type="stmt"/>
        <line num="153" count="84" type="stmt"/>
        <line num="154" count="1033" type="cond" truecount="4" falsecount="0"/>
        <line num="155" count="11" type="stmt"/>
        <line num="156" count="11" type="stmt"/>
        <line num="165" count="5" type="cond" truecount="1" falsecount="1"/>
        <line num="167" count="5" type="cond" truecount="2" falsecount="0"/>
        <line num="168" count="1" type="stmt"/>
        <line num="171" count="4" type="stmt"/>
        <line num="172" count="4" type="cond" truecount="1" falsecount="1"/>
        <line num="173" count="4" type="stmt"/>
        <line num="183" count="73" type="stmt"/>
        <line num="186" count="63" type="stmt"/>
        <line num="190" count="155" type="stmt"/>
        <line num="209" count="1" type="stmt"/>
        <line num="215" count="0" type="stmt"/>
        <line num="223" count="0" type="stmt"/>
        <line num="231" count="0" type="stmt"/>
        <line num="243" count="63" type="stmt"/>
        <line num="244" count="63" type="stmt"/>
        <line num="245" count="63" type="stmt"/>
        <line num="246" count="63" type="stmt"/>
        <line num="247" count="63" type="stmt"/>
        <line num="249" count="63" type="stmt"/>
        <line num="252" count="63" type="stmt"/>
        <line num="253" count="1" type="stmt"/>
        <line num="257" count="1" type="stmt"/>
        <line num="261" count="63" type="stmt"/>
        <line num="262" count="0" type="stmt"/>
        <line num="263" count="0" type="cond" truecount="0" falsecount="2"/>
        <line num="268" count="63" type="stmt"/>
        <line num="269" count="0" type="stmt"/>
        <line num="273" count="63" type="stmt"/>
        <line num="274" count="64" type="cond" truecount="2" falsecount="0"/>
        <line num="275" count="51" type="stmt"/>
        <line num="278" count="13" type="cond" truecount="2" falsecount="2"/>
        <line num="280" count="12" type="stmt"/>
        <line num="282" count="1" type="cond" truecount="1" falsecount="1"/>
        <line num="284" count="0" type="cond" truecount="0" falsecount="2"/>
        <line num="286" count="0" type="stmt"/>
        <line num="291" count="63" type="stmt"/>
        <line num="292" count="1" type="stmt"/>
        <line num="293" count="1" type="stmt"/>
        <line num="294" count="1" type="stmt"/>
        <line num="295" count="1" type="stmt"/>
        <line num="299" count="63" type="stmt"/>
        <line num="300" count="0" type="stmt"/>
        <line num="301" count="0" type="stmt"/>
        <line num="306" count="0" type="stmt"/>
        <line num="312" count="0" type="stmt"/>
        <line num="313" count="0" type="stmt"/>
        <line num="314" count="0" type="stmt"/>
        <line num="315" count="0" type="stmt"/>
        <line num="316" count="0" type="stmt"/>
        <line num="317" count="0" type="stmt"/>
        <line num="318" count="0" type="stmt"/>
        <line num="319" count="0" type="stmt"/>
        <line num="320" count="0" type="stmt"/>
        <line num="324" count="63" type="stmt"/>
        <line num="325" count="0" type="cond" truecount="0" falsecount="2"/>
        <line num="328" count="0" type="stmt"/>
        <line num="329" count="0" type="stmt"/>
        <line num="330" count="0" type="stmt"/>
        <line num="331" count="0" type="stmt"/>
        <line num="332" count="0" type="stmt"/>
        <line num="333" count="0" type="stmt"/>
        <line num="334" count="0" type="stmt"/>
        <line num="337" count="0" type="cond" truecount="0" falsecount="2"/>
        <line num="338" count="0" type="stmt"/>
        <line num="339" count="0" type="stmt"/>
        <line num="340" count="0" type="stmt"/>
        <line num="341" count="0" type="stmt"/>
        <line num="342" count="0" type="stmt"/>
        <line num="343" count="0" type="stmt"/>
        <line num="344" count="0" type="stmt"/>
        <line num="345" count="0" type="stmt"/>
        <line num="350" count="0" type="cond" truecount="0" falsecount="2"/>
        <line num="351" count="0" type="stmt"/>
        <line num="352" count="0" type="stmt"/>
        <line num="353" count="0" type="stmt"/>
        <line num="354" count="0" type="stmt"/>
        <line num="355" count="0" type="stmt"/>
        <line num="356" count="0" type="stmt"/>
        <line num="357" count="0" type="stmt"/>
        <line num="358" count="0" type="stmt"/>
        <line num="363" count="63" type="cond" truecount="2" falsecount="0"/>
        <line num="364" count="63" type="stmt"/>
        <line num="365" count="63" type="stmt"/>
        <line num="367" count="63" type="stmt"/>
        <line num="408" count="0" type="stmt"/>
        <line num="420" count="1" type="stmt"/>
        <line num="433" count="0" type="stmt"/>
        <line num="446" count="2" type="stmt"/>
        <line num="458" count="1" type="stmt"/>
        <line num="499" count="36" type="stmt"/>
      </file>
      <file name="TemplateLibrary.tsx" path="/workspace/web/frontend/src/components/config-builder/TemplateLibrary.tsx">
        <metrics statements="106" coveredstatements="75" conditionals="116" coveredconditionals="88" methods="39" coveredmethods="22"/>
        <line num="62" count="3" type="stmt"/>
        <line num="304" count="3" type="stmt"/>
        <line num="335" count="3" type="stmt"/>
        <line num="366" count="110" type="stmt"/>
        <line num="367" count="110" type="stmt"/>
        <line num="368" count="110" type="stmt"/>
        <line num="370" count="110" type="stmt"/>
        <line num="371" count="89" type="stmt"/>
        <line num="372" count="89" type="stmt"/>
        <line num="373" count="89" type="stmt"/>
        <line num="376" count="110" type="stmt"/>
        <line num="377" count="0" type="stmt"/>
        <line num="378" count="0" type="stmt"/>
        <line num="379" count="0" type="stmt"/>
        <line num="382" count="110" type="cond" truecount="2" falsecount="0"/>
        <line num="384" count="10" type="stmt"/>
        <line num="414" count="0" type="stmt"/>
        <line num="428" count="0" type="stmt"/>
        <line num="443" count="0" type="stmt"/>
        <line num="477" count="89" type="stmt"/>
        <line num="479" count="89" type="stmt"/>
        <line num="480" count="0" type="stmt"/>
        <line num="481" count="0" type="stmt"/>
        <line num="482" count="0" type="stmt"/>
        <line num="485" count="89" type="cond" truecount="1" falsecount="1"/>
        <line num="487" count="0" type="stmt"/>
        <line num="568" count="720" type="cond" truecount="1" falsecount="1"/>
        <line num="570" count="720" type="stmt"/>
        <line num="617" count="2880" type="stmt"/>
        <line num="751" count="118" type="stmt"/>
        <line num="752" count="118" type="stmt"/>
        <line num="753" count="118" type="stmt"/>
        <line num="754" count="118" type="stmt"/>
        <line num="755" count="118" type="stmt"/>
        <line num="758" count="118" type="stmt"/>
        <line num="759" count="118" type="stmt"/>
        <line num="760" count="118" type="stmt"/>
        <line num="761" count="118" type="stmt"/>
        <line num="764" count="118" type="stmt"/>
        <line num="765" count="56" type="cond" truecount="2" falsecount="0"/>
        <line num="766" count="32" type="stmt"/>
        <line num="771" count="118" type="stmt"/>
        <line num="772" count="87" type="stmt"/>
        <line num="787" count="118" type="stmt"/>
        <line num="788" count="87" type="stmt"/>
        <line num="792" count="118" type="stmt"/>
        <line num="793" count="98" type="stmt"/>
        <line num="795" count="882" type="cond" truecount="2" falsecount="0"/>
        <line num="796" count="9" type="cond" truecount="1" falsecount="1"/>
        <line num="797" count="873" type="cond" truecount="2" falsecount="0"/>
        <line num="798" count="36" type="cond" truecount="4" falsecount="0"/>
        <line num="799" count="24" type="stmt"/>
        <line num="801" count="12" type="cond" truecount="2" falsecount="2"/>
        <line num="802" count="0" type="stmt"/>
        <line num="807" count="849" type="cond" truecount="2" falsecount="0"/>
        <line num="808" count="45" type="stmt"/>
        <line num="809" count="45" type="stmt"/>
        <line num="817" count="804" type="stmt"/>
        <line num="822" count="118" type="stmt"/>
        <line num="823" count="3" type="stmt"/>
        <line num="824" count="3" type="stmt"/>
        <line num="828" count="118" type="stmt"/>
        <line num="829" count="8" type="cond" truecount="2" falsecount="0"/>
        <line num="833" count="118" type="stmt"/>
        <line num="834" count="0" type="cond" truecount="0" falsecount="2"/>
        <line num="836" count="0" type="stmt"/>
        <line num="845" count="0" type="stmt"/>
        <line num="855" count="0" type="stmt"/>
        <line num="856" count="0" type="stmt"/>
        <line num="857" count="0" type="stmt"/>
        <line num="861" count="118" type="stmt"/>
        <line num="862" count="0" type="stmt"/>
        <line num="863" count="0" type="stmt"/>
        <line num="864" count="0" type="stmt"/>
        <line num="868" count="118" type="stmt"/>
        <line num="869" count="0" type="stmt"/>
        <line num="870" count="0" type="cond" truecount="0" falsecount="2"/>
        <line num="871" count="0" type="stmt"/>
        <line num="872" count="0" type="stmt"/>
        <line num="877" count="118" type="stmt"/>
        <line num="878" count="0" type="cond" truecount="0" falsecount="2"/>
        <line num="879" count="0" type="stmt"/>
        <line num="880" count="0" type="stmt"/>
        <line num="884" count="118" type="cond" truecount="2" falsecount="0"/>
        <line num="886" count="89" type="stmt"/>
        <line num="912" count="5" type="stmt"/>
        <line num="913" count="5" type="stmt"/>
        <line num="941" count="5" type="stmt"/>
        <line num="953" count="445" type="stmt"/>
        <line num="954" count="445" type="stmt"/>
        <line num="955" count="445" type="cond" truecount="2" falsecount="0"/>
        <line num="956" count="89" type="stmt"/>
        <line num="957" count="356" type="cond" truecount="2" falsecount="0"/>
        <line num="958" count="89" type="stmt"/>
        <line num="960" count="2403" type="stmt"/>
        <line num="963" count="445" type="stmt"/>
        <line num="967" count="6" type="stmt"/>
        <line num="1016" count="720" type="stmt"/>
        <line num="1020" count="8" type="stmt"/>
        <line num="1021" count="3" type="stmt"/>
        <line num="1022" count="0" type="stmt"/>
        <line num="1023" count="0" type="cond" truecount="1" falsecount="1"/>
        <line num="1024" count="0" type="cond" truecount="1" falsecount="1"/>
        <line num="1048" count="1" type="stmt"/>
        <line num="1049" count="1" type="stmt"/>
        <line num="1061" count="0" type="stmt"/>
      </file>
      <file name="TestHarness.tsx" path="/workspace/web/frontend/src/components/config-builder/TestHarness.tsx">
        <metrics statements="66" coveredstatements="56" conditionals="79" coveredconditionals="56" methods="11" coveredmethods="11"/>
        <line num="41" count="3" type="stmt"/>
        <line num="71" count="3" type="stmt"/>
        <line num="73" count="3" type="stmt"/>
        <line num="78" count="3" type="cond" truecount="2" falsecount="0"/>
        <line num="79" count="1" type="stmt"/>
        <line num="89" count="2" type="stmt"/>
        <line num="91" count="2" type="stmt"/>
        <line num="93" count="2" type="stmt"/>
        <line num="99" count="0" type="stmt"/>
        <line num="113" count="7" type="cond" truecount="4" falsecount="0"/>
        <line num="115" count="1" type="cond" truecount="1" falsecount="1"/>
        <line num="119" count="6" type="cond" truecount="4" falsecount="0"/>
        <line num="120" count="1" type="stmt"/>
        <line num="121" count="1" type="stmt"/>
        <line num="122" count="1" type="stmt"/>
        <line num="124" count="1" type="cond" truecount="1" falsecount="1"/>
        <line num="125" count="1" type="stmt"/>
        <line num="126" count="0" type="cond" truecount="0" falsecount="2"/>
        <line num="127" count="0" type="stmt"/>
        <line num="129" count="0" type="stmt"/>
        <line num="133" count="5" type="cond" truecount="4" falsecount="0"/>
        <line num="134" count="1" type="stmt"/>
        <line num="135" count="1" type="stmt"/>
        <line num="136" count="5" type="stmt"/>
        <line num="137" count="1" type="stmt"/>
        <line num="141" count="4" type="cond" truecount="4" falsecount="0"/>
        <line num="143" count="2" type="cond" truecount="4" falsecount="0"/>
        <line num="144" count="1" type="stmt"/>
        <line num="146" count="1" type="stmt"/>
        <line num="150" count="2" type="cond" truecount="3" falsecount="1"/>
        <line num="152" count="0" type="stmt"/>
        <line num="153" count="0" type="cond" truecount="0" falsecount="4"/>
        <line num="154" count="0" type="stmt"/>
        <line num="156" count="0" type="stmt"/>
        <line num="160" count="2" type="stmt"/>
        <line num="177" count="173" type="stmt"/>
        <line num="178" count="173" type="stmt"/>
        <line num="179" count="173" type="stmt"/>
        <line num="180" count="173" type="stmt"/>
        <line num="181" count="173" type="stmt"/>
        <line num="184" count="173" type="stmt"/>
        <line num="185" count="1" type="cond" truecount="3" falsecount="1"/>
        <line num="186" count="0" type="stmt"/>
        <line num="190" count="0" type="stmt"/>
        <line num="193" count="1" type="stmt"/>
        <line num="194" count="1" type="stmt"/>
        <line num="196" count="1" type="stmt"/>
        <line num="197" count="1" type="stmt"/>
        <line num="198" count="1" type="stmt"/>
        <line num="200" count="1" type="stmt"/>
        <line num="205" count="173" type="stmt"/>
        <line num="206" count="1" type="stmt"/>
        <line num="207" count="1" type="stmt"/>
        <line num="208" count="1" type="stmt"/>
        <line num="209" count="1" type="stmt"/>
        <line num="213" count="173" type="stmt"/>
        <line num="214" count="1" type="stmt"/>
        <line num="215" count="1" type="stmt"/>
        <line num="216" count="1" type="stmt"/>
        <line num="217" count="1" type="stmt"/>
        <line num="220" count="173" type="cond" truecount="2" falsecount="0"/>
        <line num="222" count="28" type="stmt"/>
        <line num="272" count="84" type="stmt"/>
        <line num="275" count="1" type="stmt"/>
        <line num="302" count="4" type="stmt"/>
        <line num="323" count="3" type="stmt"/>
      </file>
      <file name="ValidationDisplay.tsx" path="/workspace/web/frontend/src/components/config-builder/ValidationDisplay.tsx">
        <metrics statements="40" coveredstatements="38" conditionals="40" coveredconditionals="34" methods="10" coveredmethods="10"/>
        <line num="9" count="2" type="stmt"/>
        <line num="15" count="58" type="stmt"/>
        <line num="16" count="58" type="stmt"/>
        <line num="17" count="58" type="stmt"/>
        <line num="19" count="58" type="stmt"/>
        <line num="21" count="9" type="cond" truecount="1" falsecount="1"/>
        <line num="22" count="0" type="stmt"/>
        <line num="24" count="9" type="stmt"/>
        <line num="26" count="9" type="stmt"/>
        <line num="27" count="9" type="stmt"/>
        <line num="28" count="9" type="stmt"/>
        <line num="29" count="8" type="stmt"/>
        <line num="32" count="1" type="cond" truecount="3" falsecount="1"/>
        <line num="33" count="1" type="stmt"/>
        <line num="35" count="1" type="stmt"/>
        <line num="46" count="9" type="stmt"/>
        <line num="51" count="58" type="stmt"/>
        <line num="53" count="34" type="cond" truecount="1" falsecount="1"/>
        <line num="54" count="0" type="stmt"/>
        <line num="58" count="34" type="stmt"/>
        <line num="59" count="9" type="stmt"/>
        <line num="63" count="34" type="stmt"/>
        <line num="64" count="34" type="cond" truecount="1" falsecount="1"/>
        <line num="65" count="34" type="stmt"/>
        <line num="70" count="58" type="stmt"/>
        <line num="81" count="6" type="stmt"/>
        <line num="102" count="6" type="stmt"/>
        <line num="103" count="6" type="stmt"/>
        <line num="105" count="6" type="stmt"/>
        <line num="126" count="3" type="stmt"/>
        <line num="164" count="58" type="stmt"/>
        <line num="167" count="58" type="cond" truecount="4" falsecount="0"/>
        <line num="168" count="9" type="stmt"/>
        <line num="185" count="49" type="cond" truecount="2" falsecount="0"/>
        <line num="186" count="40" type="stmt"/>
        <line num="189" count="9" type="stmt"/>
        <line num="190" count="9" type="stmt"/>
        <line num="192" count="9" type="stmt"/>
        <line num="269" count="5" type="stmt"/>
        <line num="284" count="1" type="stmt"/>
      </file>
      <file name="YamlEditor.tsx" path="/workspace/web/frontend/src/components/config-builder/YamlEditor.tsx">
        <metrics statements="152" coveredstatements="55" conditionals="165" coveredconditionals="40" methods="16" coveredmethods="10"/>
        <line num="31" count="17" type="stmt"/>
        <line num="61" count="17" type="stmt"/>
        <line num="75" count="28" type="stmt"/>
        <line num="76" count="28" type="stmt"/>
        <line num="78" count="28" type="stmt"/>
        <line num="79" count="28" type="stmt"/>
        <line num="81" count="28" type="cond" truecount="2" falsecount="2"/>
        <line num="82" count="0" type="stmt"/>
        <line num="83" count="0" type="stmt"/>
        <line num="87" count="0" type="cond" truecount="0" falsecount="2"/>
        <line num="88" count="0" type="stmt"/>
        <line num="89" count="0" type="cond" truecount="0" falsecount="2"/>
        <line num="90" count="0" type="stmt"/>
        <line num="92" count="0" type="stmt"/>
        <line num="97" count="0" type="cond" truecount="0" falsecount="2"/>
        <line num="98" count="0" type="cond" truecount="0" falsecount="2"/>
        <line num="99" count="0" type="stmt"/>
        <line num="100" count="0" type="cond" truecount="0" falsecount="4"/>
        <line num="101" count="0" type="stmt"/>
        <line num="102" count="0" type="cond" truecount="0" falsecount="2"/>
        <line num="103" count="0" type="stmt"/>
        <line num="105" count="0" type="cond" truecount="0" falsecount="2"/>
        <line num="106" count="0" type="stmt"/>
        <line num="107" count="0" type="cond" truecount="0" falsecount="2"/>
        <line num="108" count="0" type="stmt"/>
        <line num="115" count="0" type="cond" truecount="0" falsecount="2"/>
        <line num="116" count="0" type="cond" truecount="0" falsecount="2"/>
        <line num="117" count="0" type="stmt"/>
        <line num="118" count="0" type="cond" truecount="0" falsecount="4"/>
        <line num="119" count="0" type="stmt"/>
        <line num="120" count="0" type="cond" truecount="0" falsecount="2"/>
        <line num="121" count="0" type="stmt"/>
        <line num="127" count="0" type="stmt"/>
        <line num="128" count="0" type="cond" truecount="0" falsecount="3"/>
        <line num="130" count="28" type="cond" truecount="1" falsecount="1"/>
        <line num="131" count="0" type="stmt"/>
        <line num="132" count="0" type="cond" truecount="0" falsecount="4"/>
        <line num="133" count="0" type="stmt"/>
        <line num="136" count="0" type="cond" truecount="0" falsecount="2"/>
        <line num="137" count="0" type="stmt"/>
        <line num="138" count="0" type="cond" truecount="0" falsecount="4"/>
        <line num="139" count="0" type="stmt"/>
        <line num="142" count="0" type="cond" truecount="0" falsecount="2"/>
        <line num="143" count="0" type="stmt"/>
        <line num="144" count="0" type="cond" truecount="0" falsecount="4"/>
        <line num="145" count="0" type="stmt"/>
        <line num="148" count="0" type="cond" truecount="0" falsecount="2"/>
        <line num="149" count="0" type="stmt"/>
        <line num="150" count="0" type="cond" truecount="0" falsecount="4"/>
        <line num="151" count="0" type="stmt"/>
        <line num="156" count="0" type="cond" truecount="0" falsecount="2"/>
        <line num="160" count="28" type="cond" truecount="1" falsecount="1"/>
        <line num="161" count="0" type="stmt"/>
        <line num="162" count="0" type="cond" truecount="0" falsecount="4"/>
        <line num="163" count="0" type="stmt"/>
        <line num="167" count="0" type="cond" truecount="0" falsecount="2"/>
        <line num="168" count="0" type="stmt"/>
        <line num="172" count="0" type="cond" truecount="0" falsecount="2"/>
        <line num="173" count="28" type="stmt"/>
        <line num="175" count="28" type="cond" truecount="1" falsecount="1"/>
        <line num="176" count="0" type="stmt"/>
        <line num="177" count="0" type="cond" truecount="0" falsecount="4"/>
        <line num="178" count="0" type="stmt"/>
        <line num="181" count="0" type="cond" truecount="0" falsecount="2"/>
        <line num="182" count="0" type="stmt"/>
        <line num="183" count="0" type="cond" truecount="0" falsecount="4"/>
        <line num="184" count="0" type="stmt"/>
        <line num="187" count="0" type="cond" truecount="0" falsecount="2"/>
        <line num="188" count="0" type="stmt"/>
        <line num="190" count="0" type="cond" truecount="0" falsecount="2"/>
        <line num="191" count="0" type="stmt"/>
        <line num="193" count="0" type="cond" truecount="0" falsecount="2"/>
        <line num="194" count="0" type="stmt"/>
        <line num="197" count="0" type="cond" truecount="0" falsecount="2"/>
        <line num="198" count="0" type="stmt"/>
        <line num="202" count="28" type="cond" truecount="1" falsecount="1"/>
        <line num="203" count="28" type="stmt"/>
        <line num="208" count="0" type="stmt"/>
        <line num="212" count="28" type="stmt"/>
        <line num="219" count="47" type="stmt"/>
        <line num="220" count="47" type="stmt"/>
        <line num="221" count="47" type="stmt"/>
        <line num="222" count="47" type="stmt"/>
        <line num="223" count="47" type="stmt"/>
        <line num="224" count="47" type="stmt"/>
        <line num="225" count="47" type="stmt"/>
        <line num="226" count="47" type="stmt"/>
        <line num="227" count="47" type="stmt"/>
        <line num="230" count="47" type="stmt"/>
        <line num="231" count="45" type="stmt"/>
        <line num="232" count="45" type="stmt"/>
        <line num="235" count="45" type="stmt"/>
        <line num="253" count="47" type="stmt"/>
        <line num="254" count="28" type="cond" truecount="3" falsecount="1"/>
        <line num="256" count="28" type="stmt"/>
        <line num="257" count="28" type="cond" truecount="1" falsecount="1"/>
        <line num="259" count="28" type="stmt"/>
        <line num="268" count="28" type="stmt"/>
        <line num="272" count="47" type="stmt"/>
        <line num="273" count="29" type="cond" truecount="4" falsecount="0"/>
        <line num="275" count="28" type="stmt"/>
        <line num="276" count="28" type="stmt"/>
        <line num="278" count="28" type="stmt"/>
        <line num="279" count="28" type="stmt"/>
        <line num="280" count="28" type="stmt"/>
        <line num="282" count="28" type="cond" truecount="1" falsecount="1"/>
        <line num="284" count="0" type="stmt"/>
        <line num="286" count="0" type="cond" truecount="0" falsecount="2"/>
        <line num="287" count="0" type="stmt"/>
        <line num="289" count="0" type="cond" truecount="0" falsecount="2"/>
        <line num="290" count="0" type="stmt"/>
        <line num="292" count="0" type="cond" truecount="0" falsecount="2"/>
        <line num="293" count="0" type="stmt"/>
        <line num="295" count="0" type="cond" truecount="0" falsecount="2"/>
        <line num="296" count="0" type="stmt"/>
        <line num="298" count="0" type="cond" truecount="0" falsecount="2"/>
        <line num="299" count="0" type="stmt"/>
        <line num="300" count="0" type="stmt"/>
        <line num="303" count="0" type="cond" truecount="0" falsecount="2"/>
        <line num="304" count="0" type="stmt"/>
        <line num="305" count="0" type="stmt"/>
        <line num="310" count="0" type="stmt"/>
        <line num="312" count="0" type="stmt"/>
        <line num="313" count="0" type="stmt"/>
        <line num="317" count="28" type="stmt"/>
        <line num="322" count="47" type="stmt"/>
        <line num="323" count="17" type="stmt"/>
        <line num="324" count="17" type="cond" truecount="4" falsecount="0"/>
        <line num="325" count="2" type="stmt"/>
        <line num="326" count="2" type="stmt"/>
        <line num="328" count="2" type="stmt"/>
        <line num="329" count="2" type="stmt"/>
        <line num="330" count="2" type="cond" truecount="2" falsecount="2"/>
        <line num="331" count="0" type="stmt"/>
        <line num="332" count="0" type="cond" truecount="0" falsecount="2"/>
        <line num="333" count="0" type="stmt"/>
        <line num="340" count="47" type="stmt"/>
        <line num="341" count="0" type="stmt"/>
        <line num="342" count="0" type="stmt"/>
        <line num="343" count="0" type="stmt"/>
        <line num="344" count="0" type="stmt"/>
        <line num="345" count="0" type="cond" truecount="0" falsecount="4"/>
        <line num="346" count="0" type="stmt"/>
        <line num="347" count="0" type="cond" truecount="0" falsecount="2"/>
        <line num="348" count="0" type="stmt"/>
        <line num="354" count="47" type="stmt"/>
        <line num="355" count="0" type="stmt"/>
        <line num="356" count="0" type="stmt"/>
        <line num="357" count="0" type="stmt"/>
        <line num="360" count="47" type="stmt"/>
        <line num="362" count="47" type="stmt"/>
        <line num="412" count="28" type="stmt"/>
      </file>
      <file name="index.tsx" path="/workspace/web/frontend/src/components/config-builder/index.tsx">
        <metrics statements="0" coveredstatements="0" conditionals="0" coveredconditionals="0" methods="0" coveredmethods="0"/>
      </file>
    </package>
    <package name="src.lib">
      <metrics statements="121" coveredstatements="92" conditionals="68" coveredconditionals="32" methods="28" coveredmethods="24"/>
      <file name="accessibility.ts" path="/workspace/web/frontend/src/lib/accessibility.ts">
        <metrics statements="48" coveredstatements="40" conditionals="23" coveredconditionals="11" methods="13" coveredmethods="12"/>
        <line num="10" count="2" type="stmt"/>
        <line num="14" count="2" type="stmt"/>
        <line num="15" count="2" type="stmt"/>
        <line num="17" count="2" type="stmt"/>
        <line num="18" count="0" type="cond" truecount="0" falsecount="2"/>
        <line num="20" count="0" type="cond" truecount="0" falsecount="2"/>
        <line num="22" count="0" type="cond" truecount="0" falsecount="2"/>
        <line num="23" count="0" type="stmt"/>
        <line num="24" count="0" type="stmt"/>
        <line num="28" count="0" type="cond" truecount="0" falsecount="2"/>
        <line num="29" count="0" type="stmt"/>
        <line num="30" count="0" type="stmt"/>
        <line num="35" count="2" type="stmt"/>
        <line num="38" count="2" type="stmt"/>
        <line num="41" count="2" type="stmt"/>
        <line num="42" count="1" type="stmt"/>
        <line num="50" count="2" type="stmt"/>
        <line num="51" count="2" type="stmt"/>
        <line num="52" count="2" type="stmt"/>
        <line num="53" count="2" type="stmt"/>
        <line num="54" count="2" type="stmt"/>
        <line num="55" count="2" type="stmt"/>
        <line num="57" count="2" type="stmt"/>
        <line num="60" count="2" type="stmt"/>
        <line num="61" count="2" type="stmt"/>
        <line num="69" count="1" type="cond" truecount="1" falsecount="1"/>
        <line num="70" count="1" type="stmt"/>
        <line num="77" count="1" type="cond" truecount="1" falsecount="1"/>
        <line num="78" count="1" type="stmt"/>
        <line num="84" count="2" type="stmt"/>
        <line num="86" count="4" type="stmt"/>
        <line num="92" count="2" type="stmt"/>
        <line num="109" count="5" type="cond" truecount="2" falsecount="0"/>
        <line num="110" count="5" type="stmt"/>
        <line num="111" count="5" type="stmt"/>
        <line num="118" count="5" type="stmt"/>
        <line num="119" count="5" type="stmt"/>
        <line num="120" count="5" type="stmt"/>
        <line num="121" count="5" type="stmt"/>
        <line num="122" count="5" type="stmt"/>
        <line num="129" count="10" type="stmt"/>
        <line num="130" count="10" type="cond" truecount="1" falsecount="1"/>
        <line num="132" count="10" type="stmt"/>
        <line num="133" count="30" type="stmt"/>
        <line num="134" count="30" type="cond" truecount="2" falsecount="0"/>
        <line num="137" count="10" type="stmt"/>
        <line num="144" count="10" type="stmt"/>
        <line num="145" count="10" type="cond" truecount="1" falsecount="1"/>
      </file>
      <file name="templateStorage.ts" path="/workspace/web/frontend/src/lib/templateStorage.ts">
        <metrics statements="72" coveredstatements="51" conditionals="45" coveredconditionals="21" methods="14" coveredmethods="11"/>
        <line num="18" count="4" type="stmt"/>
        <line num="24" count="48" type="cond" truecount="1" falsecount="1"/>
        <line num="26" count="48" type="stmt"/>
        <line num="27" count="48" type="stmt"/>
        <line num="28" count="48" type="cond" truecount="2" falsecount="0"/>
        <line num="30" count="9" type="stmt"/>
        <line num="32" count="9" type="stmt"/>
        <line num="33" count="10" type="cond" truecount="4" falsecount="0"/>
        <line num="36" count="1" type="stmt"/>
        <line num="37" count="1" type="stmt"/>
        <line num="45" count="5" type="stmt"/>
        <line num="47" count="5" type="stmt"/>
        <line num="54" count="5" type="stmt"/>
        <line num="55" count="5" type="stmt"/>
        <line num="57" count="5" type="stmt"/>
        <line num="64" count="2" type="stmt"/>
        <line num="65" count="2" type="stmt"/>
        <line num="67" count="2" type="cond" truecount="2" falsecount="0"/>
        <line num="69" count="1" type="stmt"/>
        <line num="75" count="1" type="stmt"/>
        <line num="76" count="1" type="stmt"/>
        <line num="83" count="2" type="stmt"/>
        <line num="84" count="2" type="stmt"/>
        <line num="86" count="2" type="cond" truecount="2" falsecount="0"/>
        <line num="88" count="1" type="stmt"/>
        <line num="89" count="1" type="stmt"/>
        <line num="96" count="4" type="stmt"/>
        <line num="102" count="4" type="stmt"/>
        <line num="103" count="4" type="stmt"/>
        <line num="106" count="4" type="stmt"/>
        <line num="107" count="4" type="stmt"/>
        <line num="108" count="4" type="stmt"/>
        <line num="109" count="4" type="stmt"/>
        <line num="111" count="4" type="stmt"/>
        <line num="118" count="5" type="stmt"/>
        <line num="119" count="5" type="stmt"/>
        <line num="120" count="5" type="stmt"/>
        <line num="122" count="5" type="cond" truecount="2" falsecount="0"/>
        <line num="124" count="4" type="stmt"/>
        <line num="125" count="4" type="stmt"/>
        <line num="128" count="4" type="cond" truecount="3" falsecount="1"/>
        <line num="130" count="2" type="stmt"/>
        <line num="135" count="2" type="stmt"/>
        <line num="136" count="2" type="stmt"/>
        <line num="144" count="2" type="cond" truecount="1" falsecount="1"/>
        <line num="146" count="2" type="stmt"/>
        <line num="147" count="2" type="stmt"/>
        <line num="154" count="0" type="cond" truecount="0" falsecount="2"/>
        <line num="155" count="0" type="stmt"/>
        <line num="162" count="1" type="cond" truecount="1" falsecount="1"/>
        <line num="164" count="1" type="stmt"/>
        <line num="165" count="1" type="stmt"/>
        <line num="166" count="1" type="stmt"/>
        <line num="175" count="0" type="stmt"/>
        <line num="185" count="0" type="stmt"/>
        <line num="186" count="0" type="stmt"/>
        <line num="188" count="0" type="stmt"/>
        <line num="189" count="0" type="stmt"/>
        <line num="191" count="0" type="stmt"/>
        <line num="198" count="0" type="stmt"/>
        <line num="199" count="0" type="stmt"/>
        <line num="200" count="0" type="cond" truecount="0" falsecount="2"/>
        <line num="202" count="0" type="cond" truecount="0" falsecount="2"/>
        <line num="204" count="0" type="stmt"/>
        <line num="205" count="0" type="stmt"/>
        <line num="208" count="0" type="cond" truecount="0" falsecount="5"/>
        <line num="210" count="0" type="stmt"/>
        <line num="217" count="0" type="cond" truecount="0" falsecount="2"/>
        <line num="219" count="0" type="stmt"/>
        <line num="228" count="0" type="stmt"/>
        <line num="233" count="0" type="stmt"/>
        <line num="234" count="0" type="stmt"/>
      </file>
      <file name="utils.ts" path="/workspace/web/frontend/src/lib/utils.ts">
        <metrics statements="1" coveredstatements="1" conditionals="0" coveredconditionals="0" methods="1" coveredmethods="1"/>
        <line num="5" count="14134" type="stmt"/>
      </file>
    </package>
    <package name="src.store">
      <metrics statements="48" coveredstatements="34" conditionals="22" coveredconditionals="11" methods="28" coveredmethods="23"/>
      <file name="configStore.ts" path="/workspace/web/frontend/src/store/configStore.ts">
        <metrics statements="48" coveredstatements="34" conditionals="22" coveredconditionals="11" methods="28" coveredmethods="23"/>
        <line num="10" count="10" type="stmt"/>
        <line num="18" count="10" type="cond" truecount="1" falsecount="1"/>
        <line num="19" count="0" type="stmt"/>
        <line num="23" count="10" type="stmt"/>
        <line num="24" count="10" type="cond" truecount="1" falsecount="1"/>
        <line num="25" count="0" type="stmt"/>
        <line num="29" count="10" type="cond" truecount="2" falsecount="2"/>
        <line num="30" count="0" type="stmt"/>
        <line num="34" count="10" type="stmt"/>
        <line num="41" count="18" type="cond" truecount="1" falsecount="1"/>
        <line num="42" count="18" type="stmt"/>
        <line num="50" count="8" type="cond" truecount="1" falsecount="1"/>
        <line num="51" count="8" type="cond" truecount="2" falsecount="0"/>
        <line num="92" count="10" type="stmt"/>
        <line num="112" count="10" type="cond" truecount="1" falsecount="1"/>
        <line num="114" count="10" type="stmt"/>
        <line num="123" count="14" type="stmt"/>
        <line num="128" count="10" type="stmt"/>
        <line num="133" count="6" type="stmt"/>
        <line num="138" count="8" type="stmt"/>
        <line num="143" count="20" type="stmt"/>
        <line num="154" count="29" type="stmt"/>
        <line num="165" count="0" type="stmt"/>
        <line num="170" count="10" type="stmt"/>
        <line num="175" count="19" type="stmt"/>
        <line num="176" count="29" type="stmt"/>
        <line num="179" count="4" type="stmt"/>
        <line num="180" count="4" type="stmt"/>
        <line num="182" count="4" type="stmt"/>
        <line num="184" count="4" type="stmt"/>
        <line num="185" count="4" type="stmt"/>
        <line num="189" count="4" type="stmt"/>
        <line num="191" count="4" type="stmt"/>
        <line num="193" count="4" type="stmt"/>
        <line num="194" count="4" type="stmt"/>
        <line num="198" count="0" type="stmt"/>
        <line num="199" count="0" type="stmt"/>
        <line num="201" count="0" type="stmt"/>
        <line num="202" count="0" type="stmt"/>
        <line num="207" count="10" type="cond" truecount="1" falsecount="1"/>
        <line num="209" count="10" type="stmt"/>
        <line num="212" count="10" type="cond" truecount="1" falsecount="1"/>
        <line num="213" count="0" type="stmt"/>
        <line num="214" count="0" type="stmt"/>
        <line num="216" count="0" type="stmt"/>
        <line num="217" count="0" type="cond" truecount="0" falsecount="2"/>
        <line num="218" count="0" type="stmt"/>
        <line num="219" count="0" type="stmt"/>
      </file>
    </package>
    <package name="src.types">
      <metrics statements="2" coveredstatements="2" conditionals="0" coveredconditionals="0" methods="0" coveredmethods="0"/>
      <file name="config.ts" path="/workspace/web/frontend/src/types/config.ts">
        <metrics statements="2" coveredstatements="2" conditionals="0" coveredconditionals="0" methods="0" coveredmethods="0"/>
        <line num="86" count="3" type="stmt"/>
        <line num="104" count="3" type="stmt"/>
      </file>
    </package>
  </project>
</coverage>
