{"/workspace/web/frontend/src/App.tsx": {"path":"/workspace/web/frontend/src/App.tsx","statementMap":{"0":{"start":{"line":71,"column":37},"end":{"line":71,"column":null}},"1":{"start":{"line":73,"column":2},"end":{"line":73,"column":null}},"2":{"start":{"line":73,"column":15},"end":{"line":73,"column":null}},"3":{"start":{"line":75,"column":2},"end":{"line":207,"column":null}},"4":{"start":{"line":109,"column":18},"end":{"line":109,"column":null}},"5":{"start":{"line":110,"column":18},"end":{"line":110,"column":null}},"6":{"start":{"line":123,"column":18},"end":{"line":123,"column":null}},"7":{"start":{"line":124,"column":18},"end":{"line":124,"column":null}},"8":{"start":{"line":135,"column":29},"end":{"line":135,"column":46}},"9":{"start":{"line":135,"column":46},"end":{"line":135,"column":57}},"10":{"start":{"line":143,"column":29},"end":{"line":143,"column":49}},"11":{"start":{"line":143,"column":49},"end":{"line":143,"column":60}},"12":{"start":{"line":151,"column":29},"end":{"line":151,"column":44}},"13":{"start":{"line":151,"column":44},"end":{"line":151,"column":55}},"14":{"start":{"line":159,"column":29},"end":{"line":159,"column":48}},"15":{"start":{"line":159,"column":48},"end":{"line":159,"column":59}},"16":{"start":{"line":189,"column":31},"end":{"line":189,"column":49}},"17":{"start":{"line":189,"column":49},"end":{"line":189,"column":60}},"18":{"start":{"line":221,"column":2},"end":{"line":251,"column":null}},"19":{"start":{"line":225,"column":25},"end":{"line":225,"column":null}},"20":{"start":{"line":238,"column":25},"end":{"line":238,"column":null}},"21":{"start":{"line":256,"column":37},"end":{"line":256,"column":null}},"22":{"start":{"line":257,"column":46},"end":{"line":257,"column":null}},"23":{"start":{"line":259,"column":2},"end":{"line":359,"column":null}},"24":{"start":{"line":282,"column":31},"end":{"line":282,"column":null}},"25":{"start":{"line":293,"column":31},"end":{"line":293,"column":null}},"26":{"start":{"line":339,"column":27},"end":{"line":339,"column":null}},"27":{"start":{"line":351,"column":23},"end":{"line":351,"column":null}},"28":{"start":{"line":367,"column":2},"end":{"line":367,"column":null}},"29":{"start":{"line":367,"column":15},"end":{"line":367,"column":null}},"30":{"start":{"line":369,"column":2},"end":{"line":383,"column":null}},"31":{"start":{"line":389,"column":34},"end":{"line":389,"column":null}},"32":{"start":{"line":390,"column":38},"end":{"line":390,"column":null}},"33":{"start":{"line":391,"column":44},"end":{"line":391,"column":null}},"34":{"start":{"line":392,"column":34},"end":{"line":392,"column":null}},"35":{"start":{"line":393,"column":42},"end":{"line":393,"column":null}},"36":{"start":{"line":394,"column":34},"end":{"line":394,"column":null}},"37":{"start":{"line":397,"column":8},"end":{"line":437,"column":null}},"38":{"start":{"line":399,"column":19},"end":{"line":399,"column":null}},"39":{"start":{"line":400,"column":4},"end":{"line":402,"column":null}},"40":{"start":{"line":401,"column":6},"end":{"line":401,"column":null}},"41":{"start":{"line":405,"column":4},"end":{"line":411,"column":null}},"42":{"start":{"line":406,"column":6},"end":{"line":406,"column":null}},"43":{"start":{"line":406,"column":24},"end":{"line":406,"column":null}},"44":{"start":{"line":407,"column":6},"end":{"line":407,"column":null}},"45":{"start":{"line":407,"column":27},"end":{"line":407,"column":null}},"46":{"start":{"line":408,"column":6},"end":{"line":408,"column":null}},"47":{"start":{"line":408,"column":22},"end":{"line":408,"column":null}},"48":{"start":{"line":409,"column":6},"end":{"line":409,"column":null}},"49":{"start":{"line":409,"column":26},"end":{"line":409,"column":null}},"50":{"start":{"line":410,"column":6},"end":{"line":410,"column":null}},"51":{"start":{"line":414,"column":4},"end":{"line":436,"column":null}},"52":{"start":{"line":415,"column":6},"end":{"line":435,"column":null}},"53":{"start":{"line":417,"column":10},"end":{"line":417,"column":null}},"54":{"start":{"line":418,"column":10},"end":{"line":418,"column":null}},"55":{"start":{"line":419,"column":10},"end":{"line":419,"column":null}},"56":{"start":{"line":420,"column":10},"end":{"line":420,"column":null}},"57":{"start":{"line":422,"column":10},"end":{"line":426,"column":null}},"58":{"start":{"line":423,"column":12},"end":{"line":423,"column":null}},"59":{"start":{"line":424,"column":12},"end":{"line":424,"column":null}},"60":{"start":{"line":425,"column":12},"end":{"line":425,"column":null}},"61":{"start":{"line":427,"column":10},"end":{"line":427,"column":null}},"62":{"start":{"line":429,"column":10},"end":{"line":433,"column":null}},"63":{"start":{"line":430,"column":12},"end":{"line":430,"column":null}},"64":{"start":{"line":431,"column":12},"end":{"line":431,"column":null}},"65":{"start":{"line":432,"column":12},"end":{"line":432,"column":null}},"66":{"start":{"line":434,"column":10},"end":{"line":434,"column":null}},"67":{"start":{"line":440,"column":2},"end":{"line":443,"column":null}},"68":{"start":{"line":441,"column":4},"end":{"line":441,"column":null}},"69":{"start":{"line":442,"column":4},"end":{"line":442,"column":null}},"70":{"start":{"line":442,"column":17},"end":{"line":442,"column":null}},"71":{"start":{"line":445,"column":2},"end":{"line":551,"column":null}},"72":{"start":{"line":453,"column":29},"end":{"line":453,"column":null}},"73":{"start":{"line":454,"column":32},"end":{"line":454,"column":null}},"74":{"start":{"line":455,"column":27},"end":{"line":455,"column":null}},"75":{"start":{"line":456,"column":31},"end":{"line":456,"column":null}},"76":{"start":{"line":534,"column":56},"end":{"line":534,"column":80}},"77":{"start":{"line":537,"column":63},"end":{"line":537,"column":90}},"78":{"start":{"line":540,"column":52},"end":{"line":540,"column":74}},"79":{"start":{"line":543,"column":60},"end":{"line":543,"column":86}}},"fnMap":{"0":{"name":"MobileMenu","decl":{"start":{"line":52,"column":9},"end":{"line":52,"column":20}},"loc":{"start":{"line":70,"column":3},"end":{"line":209,"column":null}},"line":70},"1":{"name":"(anonymous_1)","decl":{"start":{"line":108,"column":25},"end":{"line":108,"column":31}},"loc":{"start":{"line":108,"column":31},"end":{"line":111,"column":null}},"line":108},"2":{"name":"(anonymous_2)","decl":{"start":{"line":122,"column":25},"end":{"line":122,"column":31}},"loc":{"start":{"line":122,"column":31},"end":{"line":125,"column":null}},"line":122},"3":{"name":"(anonymous_3)","decl":{"start":{"line":135,"column":21},"end":{"line":135,"column":27}},"loc":{"start":{"line":135,"column":27},"end":{"line":135,"column":null}},"line":135},"4":{"name":"(anonymous_4)","decl":{"start":{"line":143,"column":21},"end":{"line":143,"column":27}},"loc":{"start":{"line":143,"column":27},"end":{"line":143,"column":null}},"line":143},"5":{"name":"(anonymous_5)","decl":{"start":{"line":151,"column":21},"end":{"line":151,"column":27}},"loc":{"start":{"line":151,"column":27},"end":{"line":151,"column":null}},"line":151},"6":{"name":"(anonymous_6)","decl":{"start":{"line":159,"column":21},"end":{"line":159,"column":27}},"loc":{"start":{"line":159,"column":27},"end":{"line":159,"column":null}},"line":159},"7":{"name":"(anonymous_7)","decl":{"start":{"line":189,"column":23},"end":{"line":189,"column":29}},"loc":{"start":{"line":189,"column":29},"end":{"line":189,"column":null}},"line":189},"8":{"name":"MobileViewTabs","decl":{"start":{"line":214,"column":9},"end":{"line":214,"column":24}},"loc":{"start":{"line":220,"column":3},"end":{"line":253,"column":null}},"line":220},"9":{"name":"(anonymous_9)","decl":{"start":{"line":225,"column":19},"end":{"line":225,"column":25}},"loc":{"start":{"line":225,"column":25},"end":{"line":225,"column":null}},"line":225},"10":{"name":"(anonymous_10)","decl":{"start":{"line":238,"column":19},"end":{"line":238,"column":25}},"loc":{"start":{"line":238,"column":25},"end":{"line":238,"column":null}},"line":238},"11":{"name":"Header","decl":{"start":{"line":255,"column":9},"end":{"line":255,"column":16}},"loc":{"start":{"line":255,"column":122},"end":{"line":361,"column":null}},"line":255},"12":{"name":"(anonymous_12)","decl":{"start":{"line":282,"column":25},"end":{"line":282,"column":31}},"loc":{"start":{"line":282,"column":31},"end":{"line":282,"column":null}},"line":282},"13":{"name":"(anonymous_13)","decl":{"start":{"line":293,"column":25},"end":{"line":293,"column":31}},"loc":{"start":{"line":293,"column":31},"end":{"line":293,"column":null}},"line":293},"14":{"name":"(anonymous_14)","decl":{"start":{"line":339,"column":21},"end":{"line":339,"column":27}},"loc":{"start":{"line":339,"column":27},"end":{"line":339,"column":null}},"line":339},"15":{"name":"(anonymous_15)","decl":{"start":{"line":351,"column":17},"end":{"line":351,"column":23}},"loc":{"start":{"line":351,"column":23},"end":{"line":351,"column":null}},"line":351},"16":{"name":"ImportModal","decl":{"start":{"line":366,"column":9},"end":{"line":366,"column":21}},"loc":{"start":{"line":366,"column":84},"end":{"line":385,"column":null}},"line":366},"17":{"name":"App","decl":{"start":{"line":388,"column":9},"end":{"line":388,"column":15}},"loc":{"start":{"line":388,"column":15},"end":{"line":553,"column":null}},"line":388},"18":{"name":"(anonymous_18)","decl":{"start":{"line":397,"column":46},"end":{"line":397,"column":47}},"loc":{"start":{"line":397,"column":68},"end":{"line":437,"column":5}},"line":397},"19":{"name":"(anonymous_19)","decl":{"start":{"line":440,"column":12},"end":{"line":440,"column":18}},"loc":{"start":{"line":440,"column":18},"end":{"line":443,"column":5}},"line":440},"20":{"name":"(anonymous_20)","decl":{"start":{"line":442,"column":11},"end":{"line":442,"column":17}},"loc":{"start":{"line":442,"column":17},"end":{"line":442,"column":null}},"line":442},"21":{"name":"(anonymous_21)","decl":{"start":{"line":453,"column":23},"end":{"line":453,"column":29}},"loc":{"start":{"line":453,"column":29},"end":{"line":453,"column":null}},"line":453},"22":{"name":"(anonymous_22)","decl":{"start":{"line":454,"column":26},"end":{"line":454,"column":32}},"loc":{"start":{"line":454,"column":32},"end":{"line":454,"column":null}},"line":454},"23":{"name":"(anonymous_23)","decl":{"start":{"line":455,"column":21},"end":{"line":455,"column":27}},"loc":{"start":{"line":455,"column":27},"end":{"line":455,"column":null}},"line":455},"24":{"name":"(anonymous_24)","decl":{"start":{"line":456,"column":25},"end":{"line":456,"column":31}},"loc":{"start":{"line":456,"column":31},"end":{"line":456,"column":null}},"line":456},"25":{"name":"(anonymous_25)","decl":{"start":{"line":534,"column":50},"end":{"line":534,"column":56}},"loc":{"start":{"line":534,"column":56},"end":{"line":534,"column":80}},"line":534},"26":{"name":"(anonymous_26)","decl":{"start":{"line":537,"column":57},"end":{"line":537,"column":63}},"loc":{"start":{"line":537,"column":63},"end":{"line":537,"column":90}},"line":537},"27":{"name":"(anonymous_27)","decl":{"start":{"line":540,"column":46},"end":{"line":540,"column":52}},"loc":{"start":{"line":540,"column":52},"end":{"line":540,"column":74}},"line":540},"28":{"name":"(anonymous_28)","decl":{"start":{"line":543,"column":54},"end":{"line":543,"column":60}},"loc":{"start":{"line":543,"column":60},"end":{"line":543,"column":86}},"line":543}},"branchMap":{"0":{"loc":{"start":{"line":73,"column":2},"end":{"line":73,"column":null}},"type":"if","locations":[{"start":{"line":73,"column":2},"end":{"line":73,"column":null}},{"start":{},"end":{}}],"line":73},"1":{"loc":{"start":{"line":104,"column":18},"end":{"line":106,"column":null}},"type":"cond-expr","locations":[{"start":{"line":105,"column":22},"end":{"line":105,"column":null}},{"start":{"line":106,"column":22},"end":{"line":106,"column":null}}],"line":104},"2":{"loc":{"start":{"line":118,"column":18},"end":{"line":120,"column":null}},"type":"cond-expr","locations":[{"start":{"line":119,"column":22},"end":{"line":119,"column":null}},{"start":{"line":120,"column":22},"end":{"line":120,"column":null}}],"line":118},"3":{"loc":{"start":{"line":192,"column":15},"end":{"line":201,"column":null}},"type":"cond-expr","locations":[{"start":{"line":193,"column":16},"end":{"line":196,"column":null}},{"start":{"line":198,"column":16},"end":{"line":201,"column":null}}],"line":192},"4":{"loc":{"start":{"line":228,"column":12},"end":{"line":230,"column":null}},"type":"cond-expr","locations":[{"start":{"line":229,"column":16},"end":{"line":229,"column":null}},{"start":{"line":230,"column":16},"end":{"line":230,"column":null}}],"line":228},"5":{"loc":{"start":{"line":241,"column":12},"end":{"line":243,"column":null}},"type":"cond-expr","locations":[{"start":{"line":242,"column":16},"end":{"line":242,"column":null}},{"start":{"line":243,"column":16},"end":{"line":243,"column":null}}],"line":241},"6":{"loc":{"start":{"line":278,"column":18},"end":{"line":280,"column":null}},"type":"cond-expr","locations":[{"start":{"line":279,"column":22},"end":{"line":279,"column":null}},{"start":{"line":280,"column":22},"end":{"line":280,"column":null}}],"line":278},"7":{"loc":{"start":{"line":289,"column":18},"end":{"line":291,"column":null}},"type":"cond-expr","locations":[{"start":{"line":290,"column":22},"end":{"line":290,"column":null}},{"start":{"line":291,"column":22},"end":{"line":291,"column":null}}],"line":289},"8":{"loc":{"start":{"line":329,"column":15},"end":{"line":332,"column":null}},"type":"cond-expr","locations":[{"start":{"line":330,"column":16},"end":{"line":330,"column":null}},{"start":{"line":332,"column":16},"end":{"line":332,"column":null}}],"line":329},"9":{"loc":{"start":{"line":367,"column":2},"end":{"line":367,"column":null}},"type":"if","locations":[{"start":{"line":367,"column":2},"end":{"line":367,"column":null}},{"start":{},"end":{}}],"line":367},"10":{"loc":{"start":{"line":400,"column":4},"end":{"line":402,"column":null}},"type":"if","locations":[{"start":{"line":400,"column":4},"end":{"line":402,"column":null}},{"start":{},"end":{}}],"line":400},"11":{"loc":{"start":{"line":400,"column":8},"end":{"line":400,"column":97}},"type":"binary-expr","locations":[{"start":{"line":400,"column":8},"end":{"line":400,"column":38}},{"start":{"line":400,"column":38},"end":{"line":400,"column":71}},{"start":{"line":400,"column":71},"end":{"line":400,"column":97}}],"line":400},"12":{"loc":{"start":{"line":405,"column":4},"end":{"line":411,"column":null}},"type":"if","locations":[{"start":{"line":405,"column":4},"end":{"line":411,"column":null}},{"start":{},"end":{}}],"line":405},"13":{"loc":{"start":{"line":406,"column":6},"end":{"line":406,"column":null}},"type":"if","locations":[{"start":{"line":406,"column":6},"end":{"line":406,"column":null}},{"start":{},"end":{}}],"line":406},"14":{"loc":{"start":{"line":407,"column":6},"end":{"line":407,"column":null}},"type":"if","locations":[{"start":{"line":407,"column":6},"end":{"line":407,"column":null}},{"start":{},"end":{}}],"line":407},"15":{"loc":{"start":{"line":408,"column":6},"end":{"line":408,"column":null}},"type":"if","locations":[{"start":{"line":408,"column":6},"end":{"line":408,"column":null}},{"start":{},"end":{}}],"line":408},"16":{"loc":{"start":{"line":409,"column":6},"end":{"line":409,"column":null}},"type":"if","locations":[{"start":{"line":409,"column":6},"end":{"line":409,"column":null}},{"start":{},"end":{}}],"line":409},"17":{"loc":{"start":{"line":414,"column":4},"end":{"line":436,"column":null}},"type":"if","locations":[{"start":{"line":414,"column":4},"end":{"line":436,"column":null}},{"start":{},"end":{}}],"line":414},"18":{"loc":{"start":{"line":414,"column":8},"end":{"line":414,"column":47}},"type":"binary-expr","locations":[{"start":{"line":414,"column":8},"end":{"line":414,"column":22}},{"start":{"line":414,"column":22},"end":{"line":414,"column":36}},{"start":{"line":414,"column":36},"end":{"line":414,"column":47}}],"line":414},"19":{"loc":{"start":{"line":415,"column":6},"end":{"line":435,"column":null}},"type":"switch","locations":[{"start":{"line":416,"column":8},"end":{"line":420,"column":null}},{"start":{"line":421,"column":8},"end":{"line":427,"column":null}},{"start":{"line":428,"column":8},"end":{"line":434,"column":null}}],"line":415},"20":{"loc":{"start":{"line":422,"column":10},"end":{"line":426,"column":null}},"type":"if","locations":[{"start":{"line":422,"column":10},"end":{"line":426,"column":null}},{"start":{},"end":{}}],"line":422},"21":{"loc":{"start":{"line":429,"column":10},"end":{"line":433,"column":null}},"type":"if","locations":[{"start":{"line":429,"column":10},"end":{"line":433,"column":null}},{"start":{},"end":{}}],"line":429},"22":{"loc":{"start":{"line":473,"column":13},"end":{"line":483,"column":null}},"type":"cond-expr","locations":[{"start":{"line":474,"column":14},"end":{"line":481,"column":null}},{"start":{"line":483,"column":14},"end":{"line":483,"column":null}}],"line":473},"23":{"loc":{"start":{"line":499,"column":11},"end":{"line":525,"column":null}},"type":"cond-expr","locations":[{"start":{"line":500,"column":12},"end":{"line":517,"column":null}},{"start":{"line":519,"column":12},"end":{"line":525,"column":null}}],"line":499},"24":{"loc":{"start":{"line":505,"column":15},"end":{"line":515,"column":null}},"type":"cond-expr","locations":[{"start":{"line":506,"column":16},"end":{"line":513,"column":null}},{"start":{"line":515,"column":16},"end":{"line":515,"column":null}}],"line":505}},"s":{"0":38,"1":38,"2":31,"3":7,"4":0,"5":0,"6":0,"7":0,"8":0,"9":0,"10":0,"11":0,"12":0,"13":0,"14":0,"15":0,"16":1,"17":1,"18":29,"19":1,"20":2,"21":38,"22":38,"23":38,"24":0,"25":1,"26":7,"27":2,"28":29,"29":28,"30":1,"31":29,"32":29,"33":29,"34":29,"35":29,"36":29,"37":29,"38":0,"39":0,"40":0,"41":0,"42":0,"43":0,"44":0,"45":0,"46":0,"47":0,"48":0,"49":0,"50":0,"51":0,"52":0,"53":0,"54":0,"55":0,"56":0,"57":0,"58":0,"59":0,"60":0,"61":0,"62":0,"63":0,"64":0,"65":0,"66":0,"67":29,"68":25,"69":25,"70":25,"71":29,"72":1,"73":1,"74":0,"75":0,"76":0,"77":0,"78":0,"79":0},"f":{"0":38,"1":0,"2":0,"3":0,"4":0,"5":0,"6":0,"7":1,"8":29,"9":1,"10":2,"11":38,"12":0,"13":1,"14":7,"15":2,"16":29,"17":29,"18":0,"19":25,"20":25,"21":1,"22":1,"23":0,"24":0,"25":0,"26":0,"27":0,"28":0},"b":{"0":[31,7],"1":[7,0],"2":[0,7],"3":[1,6],"4":[27,2],"5":[2,27],"6":[37,1],"7":[1,37],"8":[2,36],"9":[28,1],"10":[0,0],"11":[0,0,0],"12":[0,0],"13":[0,0],"14":[0,0],"15":[0,0],"16":[0,0],"17":[0,0],"18":[0,0,0],"19":[0,0,0],"20":[0,0],"21":[0,0],"22":[28,1],"23":[27,2],"24":[26,1]},"meta":{"lastBranch":25,"lastFunction":29,"lastStatement":80,"seen":{"f:52:9:52:20":0,"s:71:37:71:Infinity":0,"b:73:2:73:Infinity:undefined:undefined:undefined:undefined":0,"s:73:2:73:Infinity":1,"s:73:15:73:Infinity":2,"s:75:2:207:Infinity":3,"b:105:22:105:Infinity:106:22:106:Infinity":1,"f:108:25:108:31":1,"s:109:18:109:Infinity":4,"s:110:18:110:Infinity":5,"b:119:22:119:Infinity:120:22:120:Infinity":2,"f:122:25:122:31":2,"s:123:18:123:Infinity":6,"s:124:18:124:Infinity":7,"f:135:21:135:27":3,"s:135:29:135:46":8,"s:135:46:135:57":9,"f:143:21:143:27":4,"s:143:29:143:49":10,"s:143:49:143:60":11,"f:151:21:151:27":5,"s:151:29:151:44":12,"s:151:44:151:55":13,"f:159:21:159:27":6,"s:159:29:159:48":14,"s:159:48:159:59":15,"f:189:23:189:29":7,"s:189:31:189:49":16,"s:189:49:189:60":17,"b:193:16:196:Infinity:198:16:201:Infinity":3,"f:214:9:214:24":8,"s:221:2:251:Infinity":18,"f:225:19:225:25":9,"s:225:25:225:Infinity":19,"b:229:16:229:Infinity:230:16:230:Infinity":4,"f:238:19:238:25":10,"s:238:25:238:Infinity":20,"b:242:16:242:Infinity:243:16:243:Infinity":5,"f:255:9:255:16":11,"s:256:37:256:Infinity":21,"s:257:46:257:Infinity":22,"s:259:2:359:Infinity":23,"b:279:22:279:Infinity:280:22:280:Infinity":6,"f:282:25:282:31":12,"s:282:31:282:Infinity":24,"b:290:22:290:Infinity:291:22:291:Infinity":7,"f:293:25:293:31":13,"s:293:31:293:Infinity":25,"b:330:16:330:Infinity:332:16:332:Infinity":8,"f:339:21:339:27":14,"s:339:27:339:Infinity":26,"f:351:17:351:23":15,"s:351:23:351:Infinity":27,"f:366:9:366:21":16,"b:367:2:367:Infinity:undefined:undefined:undefined:undefined":9,"s:367:2:367:Infinity":28,"s:367:15:367:Infinity":29,"s:369:2:383:Infinity":30,"f:388:9:388:15":17,"s:389:34:389:Infinity":31,"s:390:38:390:Infinity":32,"s:391:44:391:Infinity":33,"s:392:34:392:Infinity":34,"s:393:42:393:Infinity":35,"s:394:34:394:Infinity":36,"s:397:8:437:Infinity":37,"f:397:46:397:47":18,"s:399:19:399:Infinity":38,"b:400:4:402:Infinity:undefined:undefined:undefined:undefined":10,"s:400:4:402:Infinity":39,"b:400:8:400:38:400:38:400:71:400:71:400:97":11,"s:401:6:401:Infinity":40,"b:405:4:411:Infinity:undefined:undefined:undefined:undefined":12,"s:405:4:411:Infinity":41,"b:406:6:406:Infinity:undefined:undefined:undefined:undefined":13,"s:406:6:406:Infinity":42,"s:406:24:406:Infinity":43,"b:407:6:407:Infinity:undefined:undefined:undefined:undefined":14,"s:407:6:407:Infinity":44,"s:407:27:407:Infinity":45,"b:408:6:408:Infinity:undefined:undefined:undefined:undefined":15,"s:408:6:408:Infinity":46,"s:408:22:408:Infinity":47,"b:409:6:409:Infinity:undefined:undefined:undefined:undefined":16,"s:409:6:409:Infinity":48,"s:409:26:409:Infinity":49,"s:410:6:410:Infinity":50,"b:414:4:436:Infinity:undefined:undefined:undefined:undefined":17,"s:414:4:436:Infinity":51,"b:414:8:414:22:414:22:414:36:414:36:414:47":18,"b:416:8:420:Infinity:421:8:427:Infinity:428:8:434:Infinity":19,"s:415:6:435:Infinity":52,"s:417:10:417:Infinity":53,"s:418:10:418:Infinity":54,"s:419:10:419:Infinity":55,"s:420:10:420:Infinity":56,"b:422:10:426:Infinity:undefined:undefined:undefined:undefined":20,"s:422:10:426:Infinity":57,"s:423:12:423:Infinity":58,"s:424:12:424:Infinity":59,"s:425:12:425:Infinity":60,"s:427:10:427:Infinity":61,"b:429:10:433:Infinity:undefined:undefined:undefined:undefined":21,"s:429:10:433:Infinity":62,"s:430:12:430:Infinity":63,"s:431:12:431:Infinity":64,"s:432:12:432:Infinity":65,"s:434:10:434:Infinity":66,"s:440:2:443:Infinity":67,"f:440:12:440:18":19,"s:441:4:441:Infinity":68,"s:442:4:442:Infinity":69,"f:442:11:442:17":20,"s:442:17:442:Infinity":70,"s:445:2:551:Infinity":71,"f:453:23:453:29":21,"s:453:29:453:Infinity":72,"f:454:26:454:32":22,"s:454:32:454:Infinity":73,"f:455:21:455:27":23,"s:455:27:455:Infinity":74,"f:456:25:456:31":24,"s:456:31:456:Infinity":75,"b:474:14:481:Infinity:483:14:483:Infinity":22,"b:500:12:517:Infinity:519:12:525:Infinity":23,"b:506:16:513:Infinity:515:16:515:Infinity":24,"f:534:50:534:56":25,"s:534:56:534:80":76,"f:537:57:537:63":26,"s:537:63:537:90":77,"f:540:46:540:52":27,"s:540:52:540:74":78,"f:543:54:543:60":28,"s:543:60:543:86":79}}}
,"/workspace/web/frontend/src/api/client.ts": {"path":"/workspace/web/frontend/src/api/client.ts","statementMap":{"0":{"start":{"line":12,"column":21},"end":{"line":12,"column":null}},"1":{"start":{"line":19,"column":4},"end":{"line":19,"column":null}},"2":{"start":{"line":20,"column":4},"end":{"line":20,"column":null}},"3":{"start":{"line":21,"column":4},"end":{"line":21,"column":null}},"4":{"start":{"line":22,"column":4},"end":{"line":22,"column":null}},"5":{"start":{"line":30,"column":14},"end":{"line":30,"column":null}},"6":{"start":{"line":32,"column":19},"end":{"line":38,"column":null}},"7":{"start":{"line":40,"column":2},"end":{"line":47,"column":null}},"8":{"start":{"line":41,"column":22},"end":{"line":41,"column":null}},"9":{"start":{"line":41,"column":57},"end":{"line":41,"column":60}},"10":{"start":{"line":42,"column":4},"end":{"line":46,"column":null}},"11":{"start":{"line":49,"column":2},"end":{"line":49,"column":null}},"12":{"start":{"line":52,"column":19},"end":{"line":101,"column":null}},"13":{"start":{"line":57,"column":4},"end":{"line":60,"column":null}},"14":{"start":{"line":70,"column":4},"end":{"line":77,"column":null}},"15":{"start":{"line":87,"column":19},"end":{"line":87,"column":null}},"16":{"start":{"line":88,"column":4},"end":{"line":88,"column":null}},"17":{"start":{"line":88,"column":14},"end":{"line":88,"column":null}},"18":{"start":{"line":90,"column":4},"end":{"line":92,"column":null}},"19":{"start":{"line":99,"column":4},"end":{"line":99,"column":null}}},"fnMap":{"0":{"name":"(anonymous_0)","decl":{"start":{"line":18,"column":2},"end":{"line":18,"column":14}},"loc":{"start":{"line":18,"column":66},"end":{"line":23,"column":null}},"line":18},"1":{"name":"fetchApi","decl":{"start":{"line":26,"column":15},"end":{"line":26,"column":null}},"loc":{"start":{"line":29,"column":14},"end":{"line":50,"column":null}},"line":29},"2":{"name":"(anonymous_2)","decl":{"start":{"line":41,"column":50},"end":{"line":41,"column":57}},"loc":{"start":{"line":41,"column":57},"end":{"line":41,"column":60}},"line":41},"3":{"name":"(anonymous_3)","decl":{"start":{"line":56,"column":8},"end":{"line":56,"column":23}},"loc":{"start":{"line":56,"column":74},"end":{"line":61,"column":null}},"line":56},"4":{"name":"(anonymous_4)","decl":{"start":{"line":66,"column":8},"end":{"line":66,"column":null}},"loc":{"start":{"line":69,"column":37},"end":{"line":78,"column":null}},"line":69},"5":{"name":"(anonymous_5)","decl":{"start":{"line":83,"column":8},"end":{"line":83,"column":null}},"loc":{"start":{"line":86,"column":39},"end":{"line":93,"column":null}},"line":86},"6":{"name":"(anonymous_6)","decl":{"start":{"line":98,"column":8},"end":{"line":98,"column":51}},"loc":{"start":{"line":98,"column":51},"end":{"line":100,"column":null}},"line":98}},"branchMap":{"0":{"loc":{"start":{"line":12,"column":21},"end":{"line":12,"column":null}},"type":"binary-expr","locations":[{"start":{"line":12,"column":21},"end":{"line":12,"column":53}},{"start":{"line":12,"column":53},"end":{"line":12,"column":null}}],"line":12},"1":{"loc":{"start":{"line":28,"column":2},"end":{"line":28,"column":null}},"type":"default-arg","locations":[{"start":{"line":28,"column":25},"end":{"line":28,"column":null}}],"line":28},"2":{"loc":{"start":{"line":40,"column":2},"end":{"line":47,"column":null}},"type":"if","locations":[{"start":{"line":40,"column":2},"end":{"line":47,"column":null}},{"start":{},"end":{}}],"line":40},"3":{"loc":{"start":{"line":43,"column":6},"end":{"line":43,"column":null}},"type":"binary-expr","locations":[{"start":{"line":43,"column":6},"end":{"line":43,"column":26}},{"start":{"line":43,"column":26},"end":{"line":43,"column":null}}],"line":43},"4":{"loc":{"start":{"line":88,"column":4},"end":{"line":88,"column":null}},"type":"if","locations":[{"start":{"line":88,"column":4},"end":{"line":88,"column":null}},{"start":{},"end":{}}],"line":88}},"s":{"0":1,"1":0,"2":0,"3":0,"4":0,"5":0,"6":0,"7":0,"8":0,"9":0,"10":0,"11":0,"12":1,"13":0,"14":0,"15":0,"16":0,"17":0,"18":0,"19":0},"f":{"0":0,"1":0,"2":0,"3":0,"4":0,"5":0,"6":0},"b":{"0":[1,1],"1":[0],"2":[0,0],"3":[0,0],"4":[0,0]},"meta":{"lastBranch":5,"lastFunction":7,"lastStatement":20,"seen":{"s:12:21:12:Infinity":0,"b:12:21:12:53:12:53:12:Infinity":0,"f:18:2:18:14":0,"s:19:4:19:Infinity":1,"s:20:4:20:Infinity":2,"s:21:4:21:Infinity":3,"s:22:4:22:Infinity":4,"f:26:15:26:Infinity":1,"b:28:25:28:Infinity":1,"s:30:14:30:Infinity":5,"s:32:19:38:Infinity":6,"b:40:2:47:Infinity:undefined:undefined:undefined:undefined":2,"s:40:2:47:Infinity":7,"s:41:22:41:Infinity":8,"f:41:50:41:57":2,"s:41:57:41:60":9,"s:42:4:46:Infinity":10,"b:43:6:43:26:43:26:43:Infinity":3,"s:49:2:49:Infinity":11,"s:52:19:101:Infinity":12,"f:56:8:56:23":3,"s:57:4:60:Infinity":13,"f:66:8:66:Infinity":4,"s:70:4:77:Infinity":14,"f:83:8:83:Infinity":5,"s:87:19:87:Infinity":15,"b:88:4:88:Infinity:undefined:undefined:undefined:undefined":4,"s:88:4:88:Infinity":16,"s:88:14:88:Infinity":17,"s:90:4:92:Infinity":18,"f:98:8:98:51":6,"s:99:4:99:Infinity":19}}}
,"/workspace/web/frontend/src/components/common/Button.tsx": {"path":"/workspace/web/frontend/src/components/common/Button.tsx","statementMap":{"0":{"start":{"line":5,"column":6},"end":{"line":33,"column":null}},"1":{"start":{"line":39,"column":15},"end":{"line":49,"column":null}},"2":{"start":{"line":41,"column":4},"end":{"line":46,"column":null}},"3":{"start":{"line":50,"column":0},"end":{"line":50,"column":null}}},"fnMap":{"0":{"name":"(anonymous_0)","decl":{"start":{"line":40,"column":2},"end":{"line":40,"column":3}},"loc":{"start":{"line":40,"column":51},"end":{"line":48,"column":null}},"line":40}},"branchMap":{},"s":{"0":11,"1":11,"2":3229,"3":11},"f":{"0":3229},"b":{},"meta":{"lastBranch":0,"lastFunction":1,"lastStatement":4,"seen":{"s:5:6:33:Infinity":0,"s:39:15:49:Infinity":1,"f:40:2:40:3":0,"s:41:4:46:Infinity":2,"s:50:0:50:Infinity":3}}}
,"/workspace/web/frontend/src/components/common/Card.tsx": {"path":"/workspace/web/frontend/src/components/common/Card.tsx","statementMap":{"0":{"start":{"line":4,"column":13},"end":{"line":16,"column":null}},"1":{"start":{"line":8,"column":2},"end":{"line":15,"column":null}},"2":{"start":{"line":17,"column":0},"end":{"line":17,"column":null}},"3":{"start":{"line":19,"column":19},"end":{"line":28,"column":null}},"4":{"start":{"line":23,"column":2},"end":{"line":27,"column":null}},"5":{"start":{"line":29,"column":0},"end":{"line":29,"column":null}},"6":{"start":{"line":31,"column":18},"end":{"line":40,"column":null}},"7":{"start":{"line":35,"column":2},"end":{"line":39,"column":null}},"8":{"start":{"line":41,"column":0},"end":{"line":41,"column":null}},"9":{"start":{"line":43,"column":24},"end":{"line":52,"column":null}},"10":{"start":{"line":47,"column":2},"end":{"line":51,"column":null}},"11":{"start":{"line":53,"column":0},"end":{"line":53,"column":null}},"12":{"start":{"line":55,"column":20},"end":{"line":60,"column":null}},"13":{"start":{"line":59,"column":2},"end":{"line":59,"column":null}},"14":{"start":{"line":61,"column":0},"end":{"line":61,"column":null}},"15":{"start":{"line":63,"column":19},"end":{"line":72,"column":null}},"16":{"start":{"line":67,"column":2},"end":{"line":71,"column":null}},"17":{"start":{"line":73,"column":0},"end":{"line":73,"column":null}}},"fnMap":{"0":{"name":"(anonymous_0)","decl":{"start":{"line":7,"column":2},"end":{"line":7,"column":3}},"loc":{"start":{"line":8,"column":2},"end":{"line":15,"column":null}},"line":8},"1":{"name":"(anonymous_1)","decl":{"start":{"line":22,"column":2},"end":{"line":22,"column":3}},"loc":{"start":{"line":23,"column":2},"end":{"line":27,"column":null}},"line":23},"2":{"name":"(anonymous_2)","decl":{"start":{"line":34,"column":2},"end":{"line":34,"column":3}},"loc":{"start":{"line":35,"column":2},"end":{"line":39,"column":null}},"line":35},"3":{"name":"(anonymous_3)","decl":{"start":{"line":46,"column":2},"end":{"line":46,"column":3}},"loc":{"start":{"line":47,"column":2},"end":{"line":51,"column":null}},"line":47},"4":{"name":"(anonymous_4)","decl":{"start":{"line":58,"column":2},"end":{"line":58,"column":3}},"loc":{"start":{"line":59,"column":2},"end":{"line":59,"column":null}},"line":59},"5":{"name":"(anonymous_5)","decl":{"start":{"line":66,"column":2},"end":{"line":66,"column":3}},"loc":{"start":{"line":67,"column":2},"end":{"line":71,"column":null}},"line":67}},"branchMap":{},"s":{"0":1,"1":0,"2":1,"3":1,"4":0,"5":1,"6":1,"7":0,"8":1,"9":1,"10":0,"11":1,"12":1,"13":0,"14":1,"15":1,"16":0,"17":1},"f":{"0":0,"1":0,"2":0,"3":0,"4":0,"5":0},"b":{},"meta":{"lastBranch":0,"lastFunction":6,"lastStatement":18,"seen":{"s:4:13:16:Infinity":0,"f:7:2:7:3":0,"s:8:2:15:Infinity":1,"s:17:0:17:Infinity":2,"s:19:19:28:Infinity":3,"f:22:2:22:3":1,"s:23:2:27:Infinity":4,"s:29:0:29:Infinity":5,"s:31:18:40:Infinity":6,"f:34:2:34:3":2,"s:35:2:39:Infinity":7,"s:41:0:41:Infinity":8,"s:43:24:52:Infinity":9,"f:46:2:46:3":3,"s:47:2:51:Infinity":10,"s:53:0:53:Infinity":11,"s:55:20:60:Infinity":12,"f:58:2:58:3":4,"s:59:2:59:Infinity":13,"s:61:0:61:Infinity":14,"s:63:19:72:Infinity":15,"f:66:2:66:3":5,"s:67:2:71:Infinity":16,"s:73:0:73:Infinity":17}}}
,"/workspace/web/frontend/src/components/common/Input.tsx": {"path":"/workspace/web/frontend/src/components/common/Input.tsx","statementMap":{"0":{"start":{"line":11,"column":14},"end":{"line":46,"column":null}},"1":{"start":{"line":13,"column":24},"end":{"line":13,"column":null}},"2":{"start":{"line":14,"column":20},"end":{"line":14,"column":null}},"3":{"start":{"line":16,"column":4},"end":{"line":43,"column":null}},"4":{"start":{"line":47,"column":0},"end":{"line":47,"column":null}}},"fnMap":{"0":{"name":"(anonymous_0)","decl":{"start":{"line":12,"column":2},"end":{"line":12,"column":3}},"loc":{"start":{"line":12,"column":66},"end":{"line":45,"column":null}},"line":12}},"branchMap":{"0":{"loc":{"start":{"line":14,"column":20},"end":{"line":14,"column":null}},"type":"binary-expr","locations":[{"start":{"line":14,"column":20},"end":{"line":14,"column":26}},{"start":{"line":14,"column":26},"end":{"line":14,"column":null}}],"line":14},"1":{"loc":{"start":{"line":18,"column":9},"end":{"line":24,"column":null}},"type":"binary-expr","locations":[{"start":{"line":18,"column":9},"end":{"line":18,"column":null}},{"start":{"line":19,"column":10},"end":{"line":24,"column":null}}],"line":18},"2":{"loc":{"start":{"line":31,"column":12},"end":{"line":31,"column":null}},"type":"binary-expr","locations":[{"start":{"line":31,"column":12},"end":{"line":31,"column":21}},{"start":{"line":31,"column":21},"end":{"line":31,"column":null}}],"line":31},"3":{"loc":{"start":{"line":37,"column":9},"end":{"line":38,"column":null}},"type":"binary-expr","locations":[{"start":{"line":37,"column":9},"end":{"line":37,"column":17}},{"start":{"line":37,"column":17},"end":{"line":37,"column":null}},{"start":{"line":38,"column":10},"end":{"line":38,"column":null}}],"line":37},"4":{"loc":{"start":{"line":40,"column":9},"end":{"line":41,"column":null}},"type":"binary-expr","locations":[{"start":{"line":40,"column":9},"end":{"line":40,"column":null}},{"start":{"line":41,"column":10},"end":{"line":41,"column":null}}],"line":40}},"s":{"0":3,"1":151,"2":151,"3":151,"4":3},"f":{"0":151},"b":{"0":[151,151],"1":[151,0],"2":[151,0],"3":[151,0,0],"4":[151,0]},"meta":{"lastBranch":5,"lastFunction":1,"lastStatement":5,"seen":{"s:11:14:46:Infinity":0,"f:12:2:12:3":0,"s:13:24:13:Infinity":1,"s:14:20:14:Infinity":2,"b:14:20:14:26:14:26:14:Infinity":0,"s:16:4:43:Infinity":3,"b:18:9:18:Infinity:19:10:24:Infinity":1,"b:31:12:31:21:31:21:31:Infinity":2,"b:37:9:37:17:37:17:37:Infinity:38:10:38:Infinity":3,"b:40:9:40:Infinity:41:10:41:Infinity":4,"s:47:0:47:Infinity":4}}}
,"/workspace/web/frontend/src/components/common/SkipLink.tsx": {"path":"/workspace/web/frontend/src/components/common/SkipLink.tsx","statementMap":{"0":{"start":{"line":18,"column":2},"end":{"line":33,"column":null}},"1":{"start":{"line":42,"column":2},"end":{"line":50,"column":null}}},"fnMap":{"0":{"name":"SkipLink","decl":{"start":{"line":17,"column":16},"end":{"line":17,"column":25}},"loc":{"start":{"line":17,"column":71},"end":{"line":35,"column":null}},"line":17},"1":{"name":"SkipLinks","decl":{"start":{"line":41,"column":16},"end":{"line":41,"column":28}},"loc":{"start":{"line":41,"column":28},"end":{"line":52,"column":null}},"line":41}},"branchMap":{},"s":{"0":68,"1":32},"f":{"0":68,"1":32},"b":{},"meta":{"lastBranch":0,"lastFunction":2,"lastStatement":2,"seen":{"f:17:16:17:25":0,"s:18:2:33:Infinity":0,"f:41:16:41:28":1,"s:42:2:50:Infinity":1}}}
,"/workspace/web/frontend/src/components/common/index.ts": {"path":"/workspace/web/frontend/src/components/common/index.ts","statementMap":{},"fnMap":{},"branchMap":{},"s":{},"f":{},"b":{},"meta":{"lastBranch":0,"lastFunction":0,"lastStatement":0,"seen":{}}}
,"/workspace/web/frontend/src/components/config-builder/AlgorithmSelector.tsx": {"path":"/workspace/web/frontend/src/components/config-builder/AlgorithmSelector.tsx","statementMap":{"0":{"start":{"line":7,"column":60},"end":{"line":11,"column":null}},"1":{"start":{"line":20,"column":15},"end":{"line":20,"column":null}},"2":{"start":{"line":22,"column":2},"end":{"line":78,"column":null}},"3":{"start":{"line":65,"column":10},"end":{"line":75,"column":null}},"4":{"start":{"line":83,"column":31},"end":{"line":83,"column":null}},"5":{"start":{"line":84,"column":28},"end":{"line":84,"column":null}},"6":{"start":{"line":86,"column":2},"end":{"line":114,"column":null}},"7":{"start":{"line":97,"column":10},"end":{"line":102,"column":null}},"8":{"start":{"line":101,"column":28},"end":{"line":101,"column":null}}},"fnMap":{"0":{"name":"AlgorithmCard","decl":{"start":{"line":19,"column":9},"end":{"line":19,"column":23}},"loc":{"start":{"line":19,"column":80},"end":{"line":80,"column":null}},"line":19},"1":{"name":"(anonymous_1)","decl":{"start":{"line":64,"column":39},"end":{"line":64,"column":40}},"loc":{"start":{"line":65,"column":10},"end":{"line":75,"column":null}},"line":65},"2":{"name":"AlgorithmSelector","decl":{"start":{"line":82,"column":16},"end":{"line":82,"column":36}},"loc":{"start":{"line":82,"column":36},"end":{"line":116,"column":null}},"line":82},"3":{"name":"(anonymous_3)","decl":{"start":{"line":96,"column":58},"end":{"line":96,"column":59}},"loc":{"start":{"line":97,"column":10},"end":{"line":102,"column":null}},"line":97},"4":{"name":"(anonymous_4)","decl":{"start":{"line":101,"column":22},"end":{"line":101,"column":28}},"loc":{"start":{"line":101,"column":28},"end":{"line":101,"column":null}},"line":101}},"branchMap":{"0":{"loc":{"start":{"line":30,"column":8},"end":{"line":32,"column":null}},"type":"cond-expr","locations":[{"start":{"line":31,"column":12},"end":{"line":31,"column":null}},{"start":{"line":32,"column":12},"end":{"line":32,"column":null}}],"line":30},"1":{"loc":{"start":{"line":38,"column":7},"end":{"line":41,"column":null}},"type":"binary-expr","locations":[{"start":{"line":38,"column":7},"end":{"line":38,"column":null}},{"start":{"line":39,"column":8},"end":{"line":41,"column":null}}],"line":38},"2":{"loc":{"start":{"line":48,"column":10},"end":{"line":48,"column":null}},"type":"cond-expr","locations":[{"start":{"line":48,"column":23},"end":{"line":48,"column":54}},{"start":{"line":48,"column":54},"end":{"line":48,"column":null}}],"line":48},"3":{"loc":{"start":{"line":69,"column":14},"end":{"line":71,"column":null}},"type":"cond-expr","locations":[{"start":{"line":70,"column":18},"end":{"line":70,"column":null}},{"start":{"line":71,"column":18},"end":{"line":71,"column":null}}],"line":69}},"s":{"0":2,"1":201,"2":201,"3":402,"4":67,"5":67,"6":67,"7":201,"8":4},"f":{"0":201,"1":402,"2":67,"3":201,"4":4},"b":{"0":[67,134],"1":[201,67],"2":[67,134],"3":[134,268]},"meta":{"lastBranch":4,"lastFunction":5,"lastStatement":9,"seen":{"s:7:60:11:Infinity":0,"f:19:9:19:23":0,"s:20:15:20:Infinity":1,"s:22:2:78:Infinity":2,"b:31:12:31:Infinity:32:12:32:Infinity":0,"b:38:7:38:Infinity:39:8:41:Infinity":1,"b:48:23:48:54:48:54:48:Infinity":2,"f:64:39:64:40":1,"s:65:10:75:Infinity":3,"b:70:18:70:Infinity:71:18:71:Infinity":3,"f:82:16:82:36":2,"s:83:31:83:Infinity":4,"s:84:28:84:Infinity":5,"s:86:2:114:Infinity":6,"f:96:58:96:59":3,"s:97:10:102:Infinity":7,"f:101:22:101:28":4,"s:101:28:101:Infinity":8}}}
,"/workspace/web/frontend/src/components/config-builder/ClusterConfig.tsx": {"path":"/workspace/web/frontend/src/components/config-builder/ClusterConfig.tsx","statementMap":{"0":{"start":{"line":15,"column":41},"end":{"line":52,"column":null}},"1":{"start":{"line":55,"column":91},"end":{"line":66,"column":null}},"2":{"start":{"line":73,"column":32},"end":{"line":73,"column":null}},"3":{"start":{"line":75,"column":2},"end":{"line":94,"column":null}},"4":{"start":{"line":80,"column":28},"end":{"line":80,"column":null}},"5":{"start":{"line":81,"column":28},"end":{"line":81,"column":null}},"6":{"start":{"line":82,"column":23},"end":{"line":82,"column":null}},"7":{"start":{"line":83,"column":22},"end":{"line":83,"column":null}},"8":{"start":{"line":107,"column":26},"end":{"line":107,"column":null}},"9":{"start":{"line":108,"column":25},"end":{"line":108,"column":null}},"10":{"start":{"line":108,"column":45},"end":{"line":108,"column":62}},"11":{"start":{"line":110,"column":2},"end":{"line":156,"column":null}},"12":{"start":{"line":119,"column":25},"end":{"line":119,"column":null}},"13":{"start":{"line":132,"column":14},"end":{"line":151,"column":null}},"14":{"start":{"line":136,"column":18},"end":{"line":136,"column":null}},"15":{"start":{"line":137,"column":18},"end":{"line":137,"column":null}},"16":{"start":{"line":161,"column":47},"end":{"line":161,"column":null}},"17":{"start":{"line":162,"column":31},"end":{"line":162,"column":null}},"18":{"start":{"line":163,"column":42},"end":{"line":163,"column":null}},"19":{"start":{"line":165,"column":8},"end":{"line":192,"column":null}},"20":{"start":{"line":167,"column":6},"end":{"line":167,"column":null}},"21":{"start":{"line":168,"column":21},"end":{"line":168,"column":null}},"22":{"start":{"line":168,"column":49},"end":{"line":168,"column":66}},"23":{"start":{"line":169,"column":6},"end":{"line":189,"column":null}},"24":{"start":{"line":171,"column":8},"end":{"line":173,"column":null}},"25":{"start":{"line":172,"column":10},"end":{"line":172,"column":null}},"26":{"start":{"line":174,"column":8},"end":{"line":176,"column":null}},"27":{"start":{"line":175,"column":10},"end":{"line":175,"column":null}},"28":{"start":{"line":177,"column":8},"end":{"line":179,"column":null}},"29":{"start":{"line":178,"column":10},"end":{"line":178,"column":null}},"30":{"start":{"line":180,"column":8},"end":{"line":182,"column":null}},"31":{"start":{"line":181,"column":10},"end":{"line":181,"column":null}},"32":{"start":{"line":183,"column":8},"end":{"line":185,"column":null}},"33":{"start":{"line":184,"column":10},"end":{"line":184,"column":null}},"34":{"start":{"line":186,"column":8},"end":{"line":188,"column":null}},"35":{"start":{"line":187,"column":10},"end":{"line":187,"column":null}},"36":{"start":{"line":194,"column":8},"end":{"line":202,"column":null}},"37":{"start":{"line":196,"column":20},"end":{"line":196,"column":null}},"38":{"start":{"line":197,"column":6},"end":{"line":199,"column":null}},"39":{"start":{"line":198,"column":8},"end":{"line":198,"column":null}},"40":{"start":{"line":204,"column":8},"end":{"line":212,"column":null}},"41":{"start":{"line":206,"column":23},"end":{"line":206,"column":null}},"42":{"start":{"line":207,"column":6},"end":{"line":209,"column":null}},"43":{"start":{"line":208,"column":8},"end":{"line":208,"column":null}},"44":{"start":{"line":214,"column":8},"end":{"line":219,"column":null}},"45":{"start":{"line":216,"column":6},"end":{"line":216,"column":null}},"46":{"start":{"line":221,"column":8},"end":{"line":226,"column":null}},"47":{"start":{"line":223,"column":6},"end":{"line":223,"column":null}},"48":{"start":{"line":228,"column":8},"end":{"line":233,"column":null}},"49":{"start":{"line":230,"column":6},"end":{"line":230,"column":null}},"50":{"start":{"line":235,"column":20},"end":{"line":235,"column":null}},"51":{"start":{"line":237,"column":2},"end":{"line":424,"column":null}},"52":{"start":{"line":250,"column":45},"end":{"line":254,"column":10}},"53":{"start":{"line":267,"column":25},"end":{"line":267,"column":null}},"54":{"start":{"line":268,"column":31},"end":{"line":268,"column":null}},"55":{"start":{"line":269,"column":12},"end":{"line":291,"column":null}},"56":{"start":{"line":273,"column":31},"end":{"line":273,"column":null}}},"fnMap":{"0":{"name":"Tooltip","decl":{"start":{"line":72,"column":9},"end":{"line":72,"column":17}},"loc":{"start":{"line":72,"column":44},"end":{"line":96,"column":null}},"line":72},"1":{"name":"(anonymous_1)","decl":{"start":{"line":80,"column":22},"end":{"line":80,"column":28}},"loc":{"start":{"line":80,"column":28},"end":{"line":80,"column":null}},"line":80},"2":{"name":"(anonymous_2)","decl":{"start":{"line":81,"column":22},"end":{"line":81,"column":28}},"loc":{"start":{"line":81,"column":28},"end":{"line":81,"column":null}},"line":81},"3":{"name":"(anonymous_3)","decl":{"start":{"line":82,"column":17},"end":{"line":82,"column":23}},"loc":{"start":{"line":82,"column":23},"end":{"line":82,"column":null}},"line":82},"4":{"name":"(anonymous_4)","decl":{"start":{"line":83,"column":16},"end":{"line":83,"column":22}},"loc":{"start":{"line":83,"column":22},"end":{"line":83,"column":null}},"line":83},"5":{"name":"SelectDropdown","decl":{"start":{"line":106,"column":9},"end":{"line":106,"column":24}},"loc":{"start":{"line":106,"column":91},"end":{"line":158,"column":null}},"line":106},"6":{"name":"(anonymous_6)","decl":{"start":{"line":108,"column":38},"end":{"line":108,"column":39}},"loc":{"start":{"line":108,"column":45},"end":{"line":108,"column":62}},"line":108},"7":{"name":"(anonymous_7)","decl":{"start":{"line":119,"column":19},"end":{"line":119,"column":25}},"loc":{"start":{"line":119,"column":25},"end":{"line":119,"column":null}},"line":119},"8":{"name":"(anonymous_8)","decl":{"start":{"line":131,"column":25},"end":{"line":131,"column":26}},"loc":{"start":{"line":132,"column":14},"end":{"line":151,"column":null}},"line":132},"9":{"name":"(anonymous_9)","decl":{"start":{"line":135,"column":25},"end":{"line":135,"column":31}},"loc":{"start":{"line":135,"column":31},"end":{"line":138,"column":null}},"line":135},"10":{"name":"ClusterConfig","decl":{"start":{"line":160,"column":16},"end":{"line":160,"column":32}},"loc":{"start":{"line":160,"column":32},"end":{"line":426,"column":null}},"line":160},"11":{"name":"(anonymous_11)","decl":{"start":{"line":166,"column":4},"end":{"line":166,"column":5}},"loc":{"start":{"line":166,"column":26},"end":{"line":190,"column":null}},"line":166},"12":{"name":"(anonymous_12)","decl":{"start":{"line":168,"column":42},"end":{"line":168,"column":43}},"loc":{"start":{"line":168,"column":49},"end":{"line":168,"column":66}},"line":168},"13":{"name":"(anonymous_13)","decl":{"start":{"line":195,"column":4},"end":{"line":195,"column":5}},"loc":{"start":{"line":195,"column":48},"end":{"line":200,"column":null}},"line":195},"14":{"name":"(anonymous_14)","decl":{"start":{"line":205,"column":4},"end":{"line":205,"column":5}},"loc":{"start":{"line":205,"column":23},"end":{"line":210,"column":null}},"line":205},"15":{"name":"(anonymous_15)","decl":{"start":{"line":215,"column":4},"end":{"line":215,"column":5}},"loc":{"start":{"line":215,"column":48},"end":{"line":217,"column":null}},"line":215},"16":{"name":"(anonymous_16)","decl":{"start":{"line":222,"column":4},"end":{"line":222,"column":5}},"loc":{"start":{"line":222,"column":48},"end":{"line":224,"column":null}},"line":222},"17":{"name":"(anonymous_17)","decl":{"start":{"line":229,"column":4},"end":{"line":229,"column":5}},"loc":{"start":{"line":229,"column":48},"end":{"line":231,"column":null}},"line":229},"18":{"name":"(anonymous_18)","decl":{"start":{"line":250,"column":37},"end":{"line":250,"column":38}},"loc":{"start":{"line":250,"column":45},"end":{"line":254,"column":10}},"line":250},"19":{"name":"(anonymous_19)","decl":{"start":{"line":266,"column":56},"end":{"line":266,"column":57}},"loc":{"start":{"line":266,"column":72},"end":{"line":293,"column":11}},"line":266},"20":{"name":"(anonymous_20)","decl":{"start":{"line":273,"column":25},"end":{"line":273,"column":31}},"loc":{"start":{"line":273,"column":31},"end":{"line":273,"column":null}},"line":273}},"branchMap":{"0":{"loc":{"start":{"line":88,"column":7},"end":{"line":92,"column":null}},"type":"binary-expr","locations":[{"start":{"line":88,"column":7},"end":{"line":88,"column":null}},{"start":{"line":89,"column":8},"end":{"line":92,"column":null}}],"line":88},"1":{"loc":{"start":{"line":114,"column":9},"end":{"line":114,"column":null}},"type":"binary-expr","locations":[{"start":{"line":114,"column":9},"end":{"line":114,"column":20}},{"start":{"line":114,"column":20},"end":{"line":114,"column":null}}],"line":114},"2":{"loc":{"start":{"line":126,"column":17},"end":{"line":126,"column":54}},"type":"binary-expr","locations":[{"start":{"line":126,"column":17},"end":{"line":126,"column":42}},{"start":{"line":126,"column":42},"end":{"line":126,"column":54}}],"line":126},"3":{"loc":{"start":{"line":127,"column":69},"end":{"line":127,"column":91}},"type":"binary-expr","locations":[{"start":{"line":127,"column":69},"end":{"line":127,"column":79}},{"start":{"line":127,"column":79},"end":{"line":127,"column":91}}],"line":127},"4":{"loc":{"start":{"line":129,"column":9},"end":{"line":153,"column":null}},"type":"binary-expr","locations":[{"start":{"line":129,"column":9},"end":{"line":129,"column":null}},{"start":{"line":130,"column":10},"end":{"line":153,"column":null}}],"line":129},"5":{"loc":{"start":{"line":141,"column":18},"end":{"line":141,"column":null}},"type":"binary-expr","locations":[{"start":{"line":141,"column":18},"end":{"line":141,"column":44}},{"start":{"line":141,"column":44},"end":{"line":141,"column":null}}],"line":141},"6":{"loc":{"start":{"line":146,"column":19},"end":{"line":147,"column":null}},"type":"binary-expr","locations":[{"start":{"line":146,"column":19},"end":{"line":146,"column":null}},{"start":{"line":147,"column":20},"end":{"line":147,"column":null}}],"line":146},"7":{"loc":{"start":{"line":150,"column":17},"end":{"line":150,"column":null}},"type":"binary-expr","locations":[{"start":{"line":150,"column":17},"end":{"line":150,"column":43}},{"start":{"line":150,"column":43},"end":{"line":150,"column":null}}],"line":150},"8":{"loc":{"start":{"line":169,"column":6},"end":{"line":189,"column":null}},"type":"if","locations":[{"start":{"line":169,"column":6},"end":{"line":189,"column":null}},{"start":{},"end":{}}],"line":169},"9":{"loc":{"start":{"line":171,"column":8},"end":{"line":173,"column":null}},"type":"if","locations":[{"start":{"line":171,"column":8},"end":{"line":173,"column":null}},{"start":{},"end":{}}],"line":171},"10":{"loc":{"start":{"line":174,"column":8},"end":{"line":176,"column":null}},"type":"if","locations":[{"start":{"line":174,"column":8},"end":{"line":176,"column":null}},{"start":{},"end":{}}],"line":174},"11":{"loc":{"start":{"line":177,"column":8},"end":{"line":179,"column":null}},"type":"if","locations":[{"start":{"line":177,"column":8},"end":{"line":179,"column":null}},{"start":{},"end":{}}],"line":177},"12":{"loc":{"start":{"line":180,"column":8},"end":{"line":182,"column":null}},"type":"if","locations":[{"start":{"line":180,"column":8},"end":{"line":182,"column":null}},{"start":{},"end":{}}],"line":180},"13":{"loc":{"start":{"line":183,"column":8},"end":{"line":185,"column":null}},"type":"if","locations":[{"start":{"line":183,"column":8},"end":{"line":185,"column":null}},{"start":{},"end":{}}],"line":183},"14":{"loc":{"start":{"line":186,"column":8},"end":{"line":188,"column":null}},"type":"if","locations":[{"start":{"line":186,"column":8},"end":{"line":188,"column":null}},{"start":{},"end":{}}],"line":186},"15":{"loc":{"start":{"line":197,"column":6},"end":{"line":199,"column":null}},"type":"if","locations":[{"start":{"line":197,"column":6},"end":{"line":199,"column":null}},{"start":{},"end":{}}],"line":197},"16":{"loc":{"start":{"line":197,"column":10},"end":{"line":197,"column":55}},"type":"binary-expr","locations":[{"start":{"line":197,"column":10},"end":{"line":197,"column":27}},{"start":{"line":197,"column":27},"end":{"line":197,"column":41}},{"start":{"line":197,"column":41},"end":{"line":197,"column":55}}],"line":197},"17":{"loc":{"start":{"line":207,"column":6},"end":{"line":209,"column":null}},"type":"if","locations":[{"start":{"line":207,"column":6},"end":{"line":209,"column":null}},{"start":{},"end":{}}],"line":207},"18":{"loc":{"start":{"line":223,"column":36},"end":{"line":223,"column":63}},"type":"binary-expr","locations":[{"start":{"line":223,"column":36},"end":{"line":223,"column":54}},{"start":{"line":223,"column":54},"end":{"line":223,"column":63}}],"line":223},"19":{"loc":{"start":{"line":230,"column":34},"end":{"line":230,"column":61}},"type":"binary-expr","locations":[{"start":{"line":230,"column":34},"end":{"line":230,"column":52}},{"start":{"line":230,"column":52},"end":{"line":230,"column":61}}],"line":230},"20":{"loc":{"start":{"line":278,"column":18},"end":{"line":278,"column":null}},"type":"cond-expr","locations":[{"start":{"line":278,"column":31},"end":{"line":278,"column":63}},{"start":{"line":278,"column":63},"end":{"line":278,"column":null}}],"line":278},"21":{"loc":{"start":{"line":283,"column":19},"end":{"line":286,"column":null}},"type":"binary-expr","locations":[{"start":{"line":283,"column":19},"end":{"line":283,"column":null}},{"start":{"line":284,"column":20},"end":{"line":286,"column":null}}],"line":283},"22":{"loc":{"start":{"line":366,"column":19},"end":{"line":366,"column":null}},"type":"binary-expr","locations":[{"start":{"line":366,"column":19},"end":{"line":366,"column":40}},{"start":{"line":366,"column":40},"end":{"line":366,"column":null}}],"line":366},"23":{"loc":{"start":{"line":385,"column":19},"end":{"line":385,"column":null}},"type":"binary-expr","locations":[{"start":{"line":385,"column":19},"end":{"line":385,"column":38}},{"start":{"line":385,"column":38},"end":{"line":385,"column":null}}],"line":385},"24":{"loc":{"start":{"line":419,"column":11},"end":{"line":421,"column":null}},"type":"cond-expr","locations":[{"start":{"line":420,"column":14},"end":{"line":420,"column":null}},{"start":{"line":421,"column":14},"end":{"line":421,"column":null}}],"line":419}},"s":{"0":2,"1":2,"2":628,"3":628,"4":0,"5":0,"6":0,"7":0,"8":183,"9":183,"10":630,"11":183,"12":5,"13":17,"14":4,"15":4,"16":89,"17":89,"18":89,"19":89,"20":3,"21":3,"22":4,"23":3,"24":3,"25":3,"26":3,"27":3,"28":3,"29":3,"30":3,"31":3,"32":3,"33":0,"34":3,"35":3,"36":89,"37":3,"38":3,"39":3,"40":89,"41":1,"42":1,"43":1,"44":89,"45":2,"46":89,"47":1,"48":89,"49":1,"50":89,"51":89,"52":267,"53":178,"54":178,"55":178,"56":2},"f":{"0":628,"1":0,"2":0,"3":0,"4":0,"5":183,"6":630,"7":5,"8":17,"9":4,"10":89,"11":3,"12":4,"13":3,"14":1,"15":2,"16":1,"17":1,"18":267,"19":178,"20":2},"b":{"0":[628,0],"1":[183,183],"2":[183,0],"3":[183,5],"4":[183,5],"5":[17,5],"6":[17,17],"7":[17,5],"8":[3,0],"9":[3,0],"10":[3,0],"11":[3,0],"12":[3,0],"13":[0,3],"14":[3,0],"15":[3,0],"16":[3,3,3],"17":[1,0],"18":[1,0],"19":[1,0],"20":[89,89],"21":[178,89],"22":[89,83],"23":[89,88],"24":[3,86]},"meta":{"lastBranch":25,"lastFunction":21,"lastStatement":57,"seen":{"s:15:41:52:Infinity":0,"s:55:91:66:Infinity":1,"f:72:9:72:17":0,"s:73:32:73:Infinity":2,"s:75:2:94:Infinity":3,"f:80:22:80:28":1,"s:80:28:80:Infinity":4,"f:81:22:81:28":2,"s:81:28:81:Infinity":5,"f:82:17:82:23":3,"s:82:23:82:Infinity":6,"f:83:16:83:22":4,"s:83:22:83:Infinity":7,"b:88:7:88:Infinity:89:8:92:Infinity":0,"f:106:9:106:24":5,"s:107:26:107:Infinity":8,"s:108:25:108:Infinity":9,"f:108:38:108:39":6,"s:108:45:108:62":10,"s:110:2:156:Infinity":11,"b:114:9:114:20:114:20:114:Infinity":1,"f:119:19:119:25":7,"s:119:25:119:Infinity":12,"b:126:17:126:42:126:42:126:54":2,"b:127:69:127:79:127:79:127:91":3,"b:129:9:129:Infinity:130:10:153:Infinity":4,"f:131:25:131:26":8,"s:132:14:151:Infinity":13,"f:135:25:135:31":9,"s:136:18:136:Infinity":14,"s:137:18:137:Infinity":15,"b:141:18:141:44:141:44:141:Infinity":5,"b:146:19:146:Infinity:147:20:147:Infinity":6,"b:150:17:150:43:150:43:150:Infinity":7,"f:160:16:160:32":10,"s:161:47:161:Infinity":16,"s:162:31:162:Infinity":17,"s:163:42:163:Infinity":18,"s:165:8:192:Infinity":19,"f:166:4:166:5":11,"s:167:6:167:Infinity":20,"s:168:21:168:Infinity":21,"f:168:42:168:43":12,"s:168:49:168:66":22,"b:169:6:189:Infinity:undefined:undefined:undefined:undefined":8,"s:169:6:189:Infinity":23,"b:171:8:173:Infinity:undefined:undefined:undefined:undefined":9,"s:171:8:173:Infinity":24,"s:172:10:172:Infinity":25,"b:174:8:176:Infinity:undefined:undefined:undefined:undefined":10,"s:174:8:176:Infinity":26,"s:175:10:175:Infinity":27,"b:177:8:179:Infinity:undefined:undefined:undefined:undefined":11,"s:177:8:179:Infinity":28,"s:178:10:178:Infinity":29,"b:180:8:182:Infinity:undefined:undefined:undefined:undefined":12,"s:180:8:182:Infinity":30,"s:181:10:181:Infinity":31,"b:183:8:185:Infinity:undefined:undefined:undefined:undefined":13,"s:183:8:185:Infinity":32,"s:184:10:184:Infinity":33,"b:186:8:188:Infinity:undefined:undefined:undefined:undefined":14,"s:186:8:188:Infinity":34,"s:187:10:187:Infinity":35,"s:194:8:202:Infinity":36,"f:195:4:195:5":13,"s:196:20:196:Infinity":37,"b:197:6:199:Infinity:undefined:undefined:undefined:undefined":15,"s:197:6:199:Infinity":38,"b:197:10:197:27:197:27:197:41:197:41:197:55":16,"s:198:8:198:Infinity":39,"s:204:8:212:Infinity":40,"f:205:4:205:5":14,"s:206:23:206:Infinity":41,"b:207:6:209:Infinity:undefined:undefined:undefined:undefined":17,"s:207:6:209:Infinity":42,"s:208:8:208:Infinity":43,"s:214:8:219:Infinity":44,"f:215:4:215:5":15,"s:216:6:216:Infinity":45,"s:221:8:226:Infinity":46,"f:222:4:222:5":16,"s:223:6:223:Infinity":47,"b:223:36:223:54:223:54:223:63":18,"s:228:8:233:Infinity":48,"f:229:4:229:5":17,"s:230:6:230:Infinity":49,"b:230:34:230:52:230:52:230:61":19,"s:235:20:235:Infinity":50,"s:237:2:424:Infinity":51,"f:250:37:250:38":18,"s:250:45:254:10":52,"f:266:56:266:57":19,"s:267:25:267:Infinity":53,"s:268:31:268:Infinity":54,"s:269:12:291:Infinity":55,"f:273:25:273:31":20,"s:273:31:273:Infinity":56,"b:278:31:278:63:278:63:278:Infinity":20,"b:283:19:283:Infinity:284:20:286:Infinity":21,"b:366:19:366:40:366:40:366:Infinity":22,"b:385:19:385:38:385:38:385:Infinity":23,"b:420:14:420:Infinity:421:14:421:Infinity":24}}}
,"/workspace/web/frontend/src/components/config-builder/ConfigDiff.tsx": {"path":"/workspace/web/frontend/src/components/config-builder/ConfigDiff.tsx","statementMap":{"0":{"start":{"line":44,"column":18},"end":{"line":72,"column":null}},"1":{"start":{"line":74,"column":2},"end":{"line":78,"column":null}},"2":{"start":{"line":85,"column":20},"end":{"line":85,"column":null}},"3":{"start":{"line":86,"column":21},"end":{"line":86,"column":null}},"4":{"start":{"line":87,"column":29},"end":{"line":87,"column":null}},"5":{"start":{"line":90,"column":14},"end":{"line":90,"column":null}},"6":{"start":{"line":92,"column":16},"end":{"line":92,"column":null}},"7":{"start":{"line":93,"column":17},"end":{"line":93,"column":null}},"8":{"start":{"line":94,"column":15},"end":{"line":94,"column":null}},"9":{"start":{"line":96,"column":2},"end":{"line":142,"column":null}},"10":{"start":{"line":97,"column":4},"end":{"line":141,"column":null}},"11":{"start":{"line":103,"column":6},"end":{"line":107,"column":null}},"12":{"start":{"line":108,"column":6},"end":{"line":108,"column":null}},"13":{"start":{"line":109,"column":6},"end":{"line":109,"column":null}},"14":{"start":{"line":110,"column":6},"end":{"line":110,"column":null}},"15":{"start":{"line":111,"column":4},"end":{"line":141,"column":null}},"16":{"start":{"line":114,"column":6},"end":{"line":131,"column":null}},"17":{"start":{"line":116,"column":8},"end":{"line":120,"column":null}},"18":{"start":{"line":121,"column":8},"end":{"line":121,"column":null}},"19":{"start":{"line":122,"column":8},"end":{"line":122,"column":null}},"20":{"start":{"line":125,"column":8},"end":{"line":129,"column":null}},"21":{"start":{"line":130,"column":8},"end":{"line":130,"column":null}},"22":{"start":{"line":132,"column":4},"end":{"line":141,"column":null}},"23":{"start":{"line":135,"column":6},"end":{"line":139,"column":null}},"24":{"start":{"line":140,"column":6},"end":{"line":140,"column":null}},"25":{"start":{"line":144,"column":2},"end":{"line":144,"column":null}},"26":{"start":{"line":151,"column":12},"end":{"line":151,"column":null}},"27":{"start":{"line":152,"column":12},"end":{"line":152,"column":null}},"28":{"start":{"line":155,"column":25},"end":{"line":155,"column":null}},"29":{"start":{"line":155,"column":59},"end":{"line":155,"column":79}},"30":{"start":{"line":158,"column":2},"end":{"line":166,"column":null}},"31":{"start":{"line":158,"column":15},"end":{"line":158,"column":18}},"32":{"start":{"line":159,"column":4},"end":{"line":165,"column":null}},"33":{"start":{"line":159,"column":17},"end":{"line":159,"column":20}},"34":{"start":{"line":160,"column":6},"end":{"line":164,"column":null}},"35":{"start":{"line":161,"column":8},"end":{"line":161,"column":null}},"36":{"start":{"line":163,"column":8},"end":{"line":163,"column":null}},"37":{"start":{"line":169,"column":24},"end":{"line":169,"column":null}},"38":{"start":{"line":170,"column":10},"end":{"line":170,"column":13}},"39":{"start":{"line":170,"column":17},"end":{"line":170,"column":null}},"40":{"start":{"line":171,"column":2},"end":{"line":181,"column":null}},"41":{"start":{"line":172,"column":4},"end":{"line":180,"column":null}},"42":{"start":{"line":173,"column":6},"end":{"line":173,"column":null}},"43":{"start":{"line":174,"column":6},"end":{"line":174,"column":null}},"44":{"start":{"line":175,"column":6},"end":{"line":175,"column":null}},"45":{"start":{"line":176,"column":4},"end":{"line":180,"column":null}},"46":{"start":{"line":177,"column":6},"end":{"line":177,"column":null}},"47":{"start":{"line":179,"column":6},"end":{"line":179,"column":null}},"48":{"start":{"line":183,"column":2},"end":{"line":183,"column":null}},"49":{"start":{"line":190,"column":20},"end":{"line":190,"column":null}},"50":{"start":{"line":191,"column":21},"end":{"line":191,"column":null}},"51":{"start":{"line":193,"column":2},"end":{"line":196,"column":null}},"52":{"start":{"line":195,"column":4},"end":{"line":195,"column":null}},"53":{"start":{"line":198,"column":2},"end":{"line":198,"column":null}},"54":{"start":{"line":205,"column":2},"end":{"line":213,"column":null}},"55":{"start":{"line":207,"column":6},"end":{"line":207,"column":null}},"56":{"start":{"line":207,"column":33},"end":{"line":207,"column":null}},"57":{"start":{"line":208,"column":6},"end":{"line":208,"column":null}},"58":{"start":{"line":208,"column":35},"end":{"line":208,"column":null}},"59":{"start":{"line":209,"column":6},"end":{"line":209,"column":null}},"60":{"start":{"line":209,"column":36},"end":{"line":209,"column":null}},"61":{"start":{"line":210,"column":6},"end":{"line":210,"column":null}},"62":{"start":{"line":229,"column":17},"end":{"line":229,"column":null}},"63":{"start":{"line":230,"column":40},"end":{"line":230,"column":null}},"64":{"start":{"line":231,"column":50},"end":{"line":231,"column":null}},"65":{"start":{"line":232,"column":34},"end":{"line":232,"column":null}},"66":{"start":{"line":233,"column":26},"end":{"line":233,"column":null}},"67":{"start":{"line":234,"column":38},"end":{"line":234,"column":null}},"68":{"start":{"line":237,"column":8},"end":{"line":237,"column":null}},"69":{"start":{"line":237,"column":36},"end":{"line":237,"column":58}},"70":{"start":{"line":240,"column":8},"end":{"line":246,"column":null}},"71":{"start":{"line":241,"column":4},"end":{"line":244,"column":null}},"72":{"start":{"line":242,"column":23},"end":{"line":242,"column":null}},"73":{"start":{"line":242,"column":52},"end":{"line":242,"column":79}},"74":{"start":{"line":243,"column":6},"end":{"line":243,"column":null}},"75":{"start":{"line":245,"column":4},"end":{"line":245,"column":null}},"76":{"start":{"line":249,"column":8},"end":{"line":252,"column":null}},"77":{"start":{"line":250,"column":4},"end":{"line":250,"column":null}},"78":{"start":{"line":250,"column":25},"end":{"line":250,"column":null}},"79":{"start":{"line":251,"column":4},"end":{"line":251,"column":null}},"80":{"start":{"line":255,"column":8},"end":{"line":255,"column":null}},"81":{"start":{"line":255,"column":30},"end":{"line":255,"column":50}},"82":{"start":{"line":258,"column":8},"end":{"line":270,"column":null}},"83":{"start":{"line":259,"column":21},"end":{"line":265,"column":null}},"84":{"start":{"line":260,"column":21},"end":{"line":262,"column":null}},"85":{"start":{"line":263,"column":22},"end":{"line":263,"column":null}},"86":{"start":{"line":264,"column":6},"end":{"line":264,"column":null}},"87":{"start":{"line":267,"column":4},"end":{"line":267,"column":null}},"88":{"start":{"line":268,"column":4},"end":{"line":268,"column":null}},"89":{"start":{"line":269,"column":4},"end":{"line":269,"column":null}},"90":{"start":{"line":269,"column":21},"end":{"line":269,"column":39}},"91":{"start":{"line":273,"column":8},"end":{"line":276,"column":null}},"92":{"start":{"line":274,"column":21},"end":{"line":274,"column":null}},"93":{"start":{"line":274,"column":50},"end":{"line":274,"column":77}},"94":{"start":{"line":275,"column":4},"end":{"line":275,"column":null}},"95":{"start":{"line":278,"column":2},"end":{"line":278,"column":null}},"96":{"start":{"line":278,"column":15},"end":{"line":278,"column":null}},"97":{"start":{"line":280,"column":2},"end":{"line":572,"column":null}},"98":{"start":{"line":328,"column":33},"end":{"line":328,"column":null}},"99":{"start":{"line":341,"column":33},"end":{"line":341,"column":null}},"100":{"start":{"line":362,"column":33},"end":{"line":362,"column":null}},"101":{"start":{"line":381,"column":22},"end":{"line":399,"column":null}},"102":{"start":{"line":387,"column":26},"end":{"line":387,"column":null}},"103":{"start":{"line":388,"column":26},"end":{"line":388,"column":null}},"104":{"start":{"line":439,"column":33},"end":{"line":439,"column":null}},"105":{"start":{"line":474,"column":18},"end":{"line":534,"column":null}}},"fnMap":{"0":{"name":"configToYaml","decl":{"start":{"line":43,"column":9},"end":{"line":43,"column":22}},"loc":{"start":{"line":43,"column":54},"end":{"line":79,"column":null}},"line":43},"1":{"name":"computeDiff","decl":{"start":{"line":84,"column":9},"end":{"line":84,"column":21}},"loc":{"start":{"line":84,"column":70},"end":{"line":145,"column":null}},"line":84},"2":{"name":"computeLCS","decl":{"start":{"line":150,"column":9},"end":{"line":150,"column":20}},"loc":{"start":{"line":150,"column":63},"end":{"line":184,"column":null}},"line":150},"3":{"name":"(anonymous_3)","decl":{"start":{"line":155,"column":53},"end":{"line":155,"column":59}},"loc":{"start":{"line":155,"column":59},"end":{"line":155,"column":79}},"line":155},"4":{"name":"isSameKey","decl":{"start":{"line":189,"column":9},"end":{"line":189,"column":19}},"loc":{"start":{"line":189,"column":57},"end":{"line":199,"column":null}},"line":189},"5":{"name":"getDiffStats","decl":{"start":{"line":204,"column":9},"end":{"line":204,"column":22}},"loc":{"start":{"line":204,"column":94},"end":{"line":214,"column":null}},"line":204},"6":{"name":"(anonymous_6)","decl":{"start":{"line":206,"column":4},"end":{"line":206,"column":5}},"loc":{"start":{"line":206,"column":19},"end":{"line":211,"column":null}},"line":206},"7":{"name":"ConfigDiff","decl":{"start":{"line":228,"column":16},"end":{"line":228,"column":27}},"loc":{"start":{"line":228,"column":65},"end":{"line":574,"column":null}},"line":228},"8":{"name":"(anonymous_8)","decl":{"start":{"line":237,"column":30},"end":{"line":237,"column":36}},"loc":{"start":{"line":237,"column":36},"end":{"line":237,"column":58}},"line":237},"9":{"name":"(anonymous_9)","decl":{"start":{"line":240,"column":33},"end":{"line":240,"column":39}},"loc":{"start":{"line":240,"column":39},"end":{"line":246,"column":5}},"line":240},"10":{"name":"(anonymous_10)","decl":{"start":{"line":242,"column":47},"end":{"line":242,"column":52}},"loc":{"start":{"line":242,"column":52},"end":{"line":242,"column":79}},"line":242},"11":{"name":"(anonymous_11)","decl":{"start":{"line":249,"column":23},"end":{"line":249,"column":29}},"loc":{"start":{"line":249,"column":29},"end":{"line":252,"column":5}},"line":249},"12":{"name":"(anonymous_12)","decl":{"start":{"line":255,"column":24},"end":{"line":255,"column":30}},"loc":{"start":{"line":255,"column":30},"end":{"line":255,"column":50}},"line":255},"13":{"name":"(anonymous_13)","decl":{"start":{"line":258,"column":37},"end":{"line":258,"column":49}},"loc":{"start":{"line":258,"column":49},"end":{"line":270,"column":5}},"line":258},"14":{"name":"(anonymous_14)","decl":{"start":{"line":259,"column":30},"end":{"line":259,"column":38}},"loc":{"start":{"line":259,"column":38},"end":{"line":265,"column":5}},"line":259},"15":{"name":"(anonymous_15)","decl":{"start":{"line":269,"column":15},"end":{"line":269,"column":21}},"loc":{"start":{"line":269,"column":21},"end":{"line":269,"column":39}},"line":269},"16":{"name":"(anonymous_16)","decl":{"start":{"line":273,"column":39},"end":{"line":273,"column":45}},"loc":{"start":{"line":273,"column":45},"end":{"line":276,"column":5}},"line":273},"17":{"name":"(anonymous_17)","decl":{"start":{"line":274,"column":45},"end":{"line":274,"column":50}},"loc":{"start":{"line":274,"column":50},"end":{"line":274,"column":77}},"line":274},"18":{"name":"(anonymous_18)","decl":{"start":{"line":328,"column":27},"end":{"line":328,"column":33}},"loc":{"start":{"line":328,"column":33},"end":{"line":328,"column":null}},"line":328},"19":{"name":"(anonymous_19)","decl":{"start":{"line":341,"column":27},"end":{"line":341,"column":33}},"loc":{"start":{"line":341,"column":33},"end":{"line":341,"column":null}},"line":341},"20":{"name":"(anonymous_20)","decl":{"start":{"line":362,"column":27},"end":{"line":362,"column":33}},"loc":{"start":{"line":362,"column":33},"end":{"line":362,"column":null}},"line":362},"21":{"name":"(anonymous_21)","decl":{"start":{"line":380,"column":44},"end":{"line":380,"column":45}},"loc":{"start":{"line":381,"column":22},"end":{"line":399,"column":null}},"line":381},"22":{"name":"(anonymous_22)","decl":{"start":{"line":386,"column":33},"end":{"line":386,"column":39}},"loc":{"start":{"line":386,"column":39},"end":{"line":389,"column":null}},"line":386},"23":{"name":"(anonymous_23)","decl":{"start":{"line":439,"column":26},"end":{"line":439,"column":27}},"loc":{"start":{"line":439,"column":33},"end":{"line":439,"column":null}},"line":439},"24":{"name":"(anonymous_24)","decl":{"start":{"line":473,"column":26},"end":{"line":473,"column":27}},"loc":{"start":{"line":474,"column":18},"end":{"line":534,"column":null}},"line":474}},"branchMap":{"0":{"loc":{"start":{"line":49,"column":10},"end":{"line":52,"column":null}},"type":"cond-expr","locations":[{"start":{"line":51,"column":10},"end":{"line":51,"column":null}},{"start":{"line":52,"column":10},"end":{"line":52,"column":null}}],"line":49},"1":{"loc":{"start":{"line":49,"column":10},"end":{"line":50,"column":null}},"type":"binary-expr","locations":[{"start":{"line":49,"column":10},"end":{"line":49,"column":null}},{"start":{"line":50,"column":10},"end":{"line":50,"column":null}}],"line":49},"2":{"loc":{"start":{"line":61,"column":10},"end":{"line":63,"column":null}},"type":"cond-expr","locations":[{"start":{"line":62,"column":10},"end":{"line":62,"column":null}},{"start":{"line":63,"column":10},"end":{"line":63,"column":null}}],"line":61},"3":{"loc":{"start":{"line":69,"column":10},"end":{"line":69,"column":null}},"type":"cond-expr","locations":[{"start":{"line":69,"column":37},"end":{"line":69,"column":79}},{"start":{"line":69,"column":79},"end":{"line":69,"column":null}}],"line":69},"4":{"loc":{"start":{"line":70,"column":10},"end":{"line":70,"column":null}},"type":"cond-expr","locations":[{"start":{"line":70,"column":35},"end":{"line":70,"column":73}},{"start":{"line":70,"column":73},"end":{"line":70,"column":null}}],"line":70},"5":{"loc":{"start":{"line":96,"column":9},"end":{"line":96,"column":69}},"type":"binary-expr","locations":[{"start":{"line":96,"column":9},"end":{"line":96,"column":39}},{"start":{"line":96,"column":39},"end":{"line":96,"column":69}}],"line":96},"6":{"loc":{"start":{"line":97,"column":4},"end":{"line":141,"column":null}},"type":"if","locations":[{"start":{"line":97,"column":4},"end":{"line":141,"column":null}},{"start":{"line":111,"column":4},"end":{"line":141,"column":null}}],"line":97},"7":{"loc":{"start":{"line":97,"column":8},"end":{"line":101,"column":46}},"type":"binary-expr","locations":[{"start":{"line":97,"column":8},"end":{"line":97,"column":null}},{"start":{"line":98,"column":8},"end":{"line":98,"column":null}},{"start":{"line":99,"column":8},"end":{"line":99,"column":null}},{"start":{"line":100,"column":8},"end":{"line":100,"column":null}},{"start":{"line":101,"column":8},"end":{"line":101,"column":46}}],"line":97},"8":{"loc":{"start":{"line":111,"column":4},"end":{"line":141,"column":null}},"type":"if","locations":[{"start":{"line":111,"column":4},"end":{"line":141,"column":null}},{"start":{"line":132,"column":4},"end":{"line":141,"column":null}}],"line":111},"9":{"loc":{"start":{"line":111,"column":15},"end":{"line":112,"column":77}},"type":"binary-expr","locations":[{"start":{"line":111,"column":15},"end":{"line":111,"column":null}},{"start":{"line":112,"column":16},"end":{"line":112,"column":40}},{"start":{"line":112,"column":40},"end":{"line":112,"column":77}}],"line":111},"10":{"loc":{"start":{"line":114,"column":6},"end":{"line":131,"column":null}},"type":"if","locations":[{"start":{"line":114,"column":6},"end":{"line":131,"column":null}},{"start":{"line":123,"column":13},"end":{"line":131,"column":null}}],"line":114},"11":{"loc":{"start":{"line":114,"column":10},"end":{"line":115,"column":63}},"type":"binary-expr","locations":[{"start":{"line":114,"column":10},"end":{"line":114,"column":null}},{"start":{"line":115,"column":10},"end":{"line":115,"column":63}}],"line":114},"12":{"loc":{"start":{"line":132,"column":4},"end":{"line":141,"column":null}},"type":"if","locations":[{"start":{"line":132,"column":4},"end":{"line":141,"column":null}},{"start":{},"end":{}}],"line":132},"13":{"loc":{"start":{"line":132,"column":15},"end":{"line":133,"column":79}},"type":"binary-expr","locations":[{"start":{"line":132,"column":15},"end":{"line":132,"column":null}},{"start":{"line":133,"column":16},"end":{"line":133,"column":40}},{"start":{"line":133,"column":40},"end":{"line":133,"column":79}}],"line":132},"14":{"loc":{"start":{"line":160,"column":6},"end":{"line":164,"column":null}},"type":"if","locations":[{"start":{"line":160,"column":6},"end":{"line":164,"column":null}},{"start":{"line":162,"column":13},"end":{"line":164,"column":null}}],"line":160},"15":{"loc":{"start":{"line":171,"column":9},"end":{"line":171,"column":25}},"type":"binary-expr","locations":[{"start":{"line":171,"column":9},"end":{"line":171,"column":18}},{"start":{"line":171,"column":18},"end":{"line":171,"column":25}}],"line":171},"16":{"loc":{"start":{"line":172,"column":4},"end":{"line":180,"column":null}},"type":"if","locations":[{"start":{"line":172,"column":4},"end":{"line":180,"column":null}},{"start":{"line":176,"column":4},"end":{"line":180,"column":null}}],"line":172},"17":{"loc":{"start":{"line":176,"column":4},"end":{"line":180,"column":null}},"type":"if","locations":[{"start":{"line":176,"column":4},"end":{"line":180,"column":null}},{"start":{"line":178,"column":11},"end":{"line":180,"column":null}}],"line":176},"18":{"loc":{"start":{"line":193,"column":2},"end":{"line":196,"column":null}},"type":"if","locations":[{"start":{"line":193,"column":2},"end":{"line":196,"column":null}},{"start":{},"end":{}}],"line":193},"19":{"loc":{"start":{"line":193,"column":6},"end":{"line":193,"column":31}},"type":"binary-expr","locations":[{"start":{"line":193,"column":6},"end":{"line":193,"column":19}},{"start":{"line":193,"column":19},"end":{"line":193,"column":31}}],"line":193},"20":{"loc":{"start":{"line":195,"column":11},"end":{"line":195,"column":null}},"type":"binary-expr","locations":[{"start":{"line":195,"column":11},"end":{"line":195,"column":45}},{"start":{"line":195,"column":45},"end":{"line":195,"column":null}}],"line":195},"21":{"loc":{"start":{"line":207,"column":6},"end":{"line":207,"column":null}},"type":"if","locations":[{"start":{"line":207,"column":6},"end":{"line":207,"column":null}},{"start":{},"end":{}}],"line":207},"22":{"loc":{"start":{"line":208,"column":6},"end":{"line":208,"column":null}},"type":"if","locations":[{"start":{"line":208,"column":6},"end":{"line":208,"column":null}},{"start":{},"end":{}}],"line":208},"23":{"loc":{"start":{"line":209,"column":6},"end":{"line":209,"column":null}},"type":"if","locations":[{"start":{"line":209,"column":6},"end":{"line":209,"column":null}},{"start":{},"end":{}}],"line":209},"24":{"loc":{"start":{"line":231,"column":71},"end":{"line":231,"column":102}},"type":"binary-expr","locations":[{"start":{"line":231,"column":71},"end":{"line":231,"column":100}},{"start":{"line":231,"column":100},"end":{"line":231,"column":102}}],"line":231},"25":{"loc":{"start":{"line":241,"column":4},"end":{"line":244,"column":null}},"type":"if","locations":[{"start":{"line":241,"column":4},"end":{"line":244,"column":null}},{"start":{},"end":{}}],"line":241},"26":{"loc":{"start":{"line":243,"column":13},"end":{"line":243,"column":null}},"type":"cond-expr","locations":[{"start":{"line":243,"column":24},"end":{"line":243,"column":56}},{"start":{"line":243,"column":56},"end":{"line":243,"column":null}}],"line":243},"27":{"loc":{"start":{"line":250,"column":4},"end":{"line":250,"column":null}},"type":"if","locations":[{"start":{"line":250,"column":4},"end":{"line":250,"column":null}},{"start":{},"end":{}}],"line":250},"28":{"loc":{"start":{"line":260,"column":21},"end":{"line":262,"column":null}},"type":"cond-expr","locations":[{"start":{"line":260,"column":45},"end":{"line":260,"column":null}},{"start":{"line":261,"column":20},"end":{"line":262,"column":null}}],"line":260},"29":{"loc":{"start":{"line":261,"column":20},"end":{"line":262,"column":null}},"type":"cond-expr","locations":[{"start":{"line":261,"column":46},"end":{"line":261,"column":null}},{"start":{"line":262,"column":20},"end":{"line":262,"column":null}}],"line":261},"30":{"loc":{"start":{"line":262,"column":20},"end":{"line":262,"column":null}},"type":"cond-expr","locations":[{"start":{"line":262,"column":47},"end":{"line":262,"column":53}},{"start":{"line":262,"column":53},"end":{"line":262,"column":null}}],"line":262},"31":{"loc":{"start":{"line":263,"column":22},"end":{"line":263,"column":null}},"type":"binary-expr","locations":[{"start":{"line":263,"column":22},"end":{"line":263,"column":44}},{"start":{"line":263,"column":44},"end":{"line":263,"column":65}},{"start":{"line":263,"column":65},"end":{"line":263,"column":null}}],"line":263},"32":{"loc":{"start":{"line":275,"column":11},"end":{"line":275,"column":null}},"type":"binary-expr","locations":[{"start":{"line":275,"column":11},"end":{"line":275,"column":29}},{"start":{"line":275,"column":29},"end":{"line":275,"column":null}}],"line":275},"33":{"loc":{"start":{"line":278,"column":2},"end":{"line":278,"column":null}},"type":"if","locations":[{"start":{"line":278,"column":2},"end":{"line":278,"column":null}},{"start":{},"end":{}}],"line":278},"34":{"loc":{"start":{"line":331,"column":20},"end":{"line":333,"column":null}},"type":"cond-expr","locations":[{"start":{"line":332,"column":24},"end":{"line":332,"column":null}},{"start":{"line":333,"column":24},"end":{"line":333,"column":null}}],"line":331},"35":{"loc":{"start":{"line":344,"column":20},"end":{"line":346,"column":null}},"type":"cond-expr","locations":[{"start":{"line":345,"column":24},"end":{"line":345,"column":null}},{"start":{"line":346,"column":24},"end":{"line":346,"column":null}}],"line":344},"36":{"loc":{"start":{"line":356,"column":13},"end":{"line":403,"column":null}},"type":"binary-expr","locations":[{"start":{"line":356,"column":13},"end":{"line":356,"column":null}},{"start":{"line":357,"column":14},"end":{"line":403,"column":null}}],"line":356},"37":{"loc":{"start":{"line":370,"column":20},"end":{"line":370,"column":null}},"type":"binary-expr","locations":[{"start":{"line":370,"column":20},"end":{"line":370,"column":36}},{"start":{"line":370,"column":36},"end":{"line":370,"column":null}}],"line":370},"38":{"loc":{"start":{"line":374,"column":17},"end":{"line":401,"column":null}},"type":"binary-expr","locations":[{"start":{"line":374,"column":17},"end":{"line":374,"column":null}},{"start":{"line":375,"column":18},"end":{"line":401,"column":null}}],"line":374},"39":{"loc":{"start":{"line":392,"column":26},"end":{"line":392,"column":null}},"type":"binary-expr","locations":[{"start":{"line":392,"column":26},"end":{"line":392,"column":64}},{"start":{"line":392,"column":64},"end":{"line":392,"column":null}}],"line":392},"40":{"loc":{"start":{"line":408,"column":15},"end":{"line":
[...]
5":2,"6":1,"7":4,"8":5,"9":2,"10":0,"11":1,"12":0,"13":0},"b":{"0":[0,48],"1":[39,9],"2":[10,9,8,8],"3":[1,1],"4":[1,1],"5":[4,1],"6":[1,4],"7":[0,4],"8":[4,2],"9":[2,0],"10":[0,2],"11":[0,0],"12":[0,1],"13":[0,0],"14":[0,0],"15":[0,0],"16":[0,0],"17":[0,0,0],"18":[0,0],"19":[0,0],"20":[0,0]},"meta":{"lastBranch":21,"lastFunction":14,"lastStatement":85,"seen":{"s:18:27:18:Infinity":0,"f:23:16:23:51":0,"b:24:2:24:Infinity:undefined:undefined:undefined:undefined":0,"s:24:2:24:Infinity":1,"s:24:37:24:Infinity":2,"s:26:2:38:Infinity":3,"s:27:19:27:Infinity":4,"b:28:4:28:Infinity:undefined:undefined:undefined:undefined":1,"s:28:4:28:Infinity":5,"s:28:17:28:Infinity":6,"s:30:22:30:Infinity":7,"s:32:4:34:Infinity":8,"f:32:28:32:Infinity":1,"s:33:6:33:Infinity":9,"b:33:6:33:14:33:14:33:24:33:24:33:36:33:36:33:Infinity":2,"s:36:4:36:Infinity":10,"s:37:4:37:Infinity":11,"f:44:16:44:33":2,"s:45:20:45:Infinity":12,"s:47:36:52:Infinity":13,"s:54:2:54:Infinity":14,"s:55:2:55:Infinity":15,"s:57:2:57:Infinity":16,"f:63:16:63:35":3,"s:64:20:64:Infinity":17,"s:65:16:65:Infinity":18,"f:65:36:65:41":4,"s:65:41:65:52":19,"b:67:2:67:Infinity:undefined:undefined:undefined:undefined":3,"s:67:2:67:Infinity":20,"s:67:20:67:Infinity":21,"s:69:2:73:Infinity":22,"s:75:2:75:Infinity":23,"s:76:2:76:Infinity":24,"f:82:16:82:35":5,"s:83:20:83:Infinity":25,"s:84:19:84:Infinity":26,"f:84:36:84:41":6,"s:84:41:84:52":27,"b:86:2:86:Infinity:undefined:undefined:undefined:undefined":4,"s:86:2:86:Infinity":28,"s:86:44:86:Infinity":29,"s:88:2:88:Infinity":30,"s:89:2:89:Infinity":31,"f:95:16:95:44":7,"s:96:18:100:Infinity":32,"b:97:7:97:15:97:15:97:Infinity":5,"s:102:15:102:Infinity":33,"s:103:17:103:Infinity":34,"s:106:14:106:Infinity":35,"s:107:2:107:Infinity":36,"s:108:2:108:Infinity":37,"s:109:2:109:Infinity":38,"s:111:2:111:Infinity":39,"f:117:16:117:36":8,"s:118:2:137:Infinity":40,"s:119:19:119:Infinity":41,"s:120:20:120:Infinity":42,"b:122:4:122:Infinity:undefined:undefined:undefined:undefined":6,"s:122:4:122:Infinity":43,"s:122:18:122:Infinity":44,"s:124:17:124:Infinity":45,"s:125:20:125:Infinity":46,"b:128:4:128:Infinity:undefined:undefined:undefined:undefined":7,"s:128:4:128:Infinity":47,"b:128:8:128:22:128:22:128:44":8,"s:128:44:128:Infinity":48,"s:130:4:133:Infinity":49,"b:131:12:131:25:131:25:131:Infinity":9,"s:135:4:135:Infinity":50,"s:136:4:136:Infinity":51,"f:143:16:143:45":9,"b:144:2:144:Infinity:undefined:undefined:undefined:undefined":10,"s:144:2:144:Infinity":52,"s:144:37:144:Infinity":53,"s:146:20:146:Infinity":54,"s:147:2:147:Infinity":55,"f:153:16:153:92":10,"b:154:2:154:Infinity:undefined:undefined:undefined:undefined":11,"s:154:2:154:Infinity":56,"s:154:37:154:Infinity":57,"s:155:2:155:Infinity":58,"f:161:16:161:45":11,"b:162:2:162:Infinity:undefined:undefined:undefined:undefined":12,"s:162:2:162:Infinity":59,"s:162:37:162:Infinity":60,"s:164:14:164:Infinity":61,"s:165:2:165:Infinity":62,"s:166:2:166:Infinity":63,"f:173:16:173:45":12,"s:175:18:183:Infinity":64,"b:176:7:176:15:176:15:176:Infinity":13,"s:185:15:185:Infinity":65,"s:186:17:186:Infinity":66,"s:188:14:188:Infinity":67,"s:189:2:189:Infinity":68,"s:191:2:191:Infinity":69,"f:197:16:197:46":13,"s:198:2:235:Infinity":70,"s:199:19:199:Infinity":71,"s:200:20:200:Infinity":72,"b:200:20:200:52:200:52:200:Infinity":14,"b:202:4:202:Infinity:undefined:undefined:undefined:undefined":15,"s:202:4:202:Infinity":73,"s:202:18:202:Infinity":74,"s:204:17:204:Infinity":75,"s:205:20:205:Infinity":76,"b:208:4:214:Infinity:undefined:undefined:undefined:undefined":16,"s:208:4:214:Infinity":77,"b:208:8:208:21:208:21:208:54:208:54:208:75":17,"s:210:6:213:Infinity":78,"b:211:14:211:27:211:27:211:Infinity":18,"b:217:4:217:Infinity:undefined:undefined:undefined:undefined":19,"s:217:4:217:Infinity":79,"s:217:20:217:Infinity":80,"s:219:35:226:Infinity":81,"s:228:4:231:Infinity":82,"b:229:12:229:25:229:25:229:Infinity":20,"s:233:4:233:Infinity":83,"s:234:4:234:Infinity":84}}}
,"/workspace/web/frontend/src/lib/utils.ts": {"path":"/workspace/web/frontend/src/lib/utils.ts","statementMap":{"0":{"start":{"line":5,"column":2},"end":{"line":5,"column":null}}},"fnMap":{"0":{"name":"cn","decl":{"start":{"line":4,"column":16},"end":{"line":4,"column":22}},"loc":{"start":{"line":4,"column":44},"end":{"line":6,"column":null}},"line":4}},"branchMap":{},"s":{"0":14134},"f":{"0":14134},"b":{},"meta":{"lastBranch":0,"lastFunction":1,"lastStatement":1,"seen":{"f:4:16:4:22":0,"s:5:2:5:Infinity":0}}}
,"/workspace/web/frontend/src/store/configStore.ts": {"path":"/workspace/web/frontend/src/store/configStore.ts","statementMap":{"0":{"start":{"line":10,"column":26},"end":{"line":10,"column":null}},"1":{"start":{"line":18,"column":2},"end":{"line":20,"column":null}},"2":{"start":{"line":19,"column":4},"end":{"line":19,"column":null}},"3":{"start":{"line":23,"column":22},"end":{"line":23,"column":null}},"4":{"start":{"line":24,"column":2},"end":{"line":26,"column":null}},"5":{"start":{"line":25,"column":4},"end":{"line":25,"column":null}},"6":{"start":{"line":29,"column":2},"end":{"line":31,"column":null}},"7":{"start":{"line":30,"column":4},"end":{"line":30,"column":null}},"8":{"start":{"line":34,"column":2},"end":{"line":34,"column":null}},"9":{"start":{"line":41,"column":2},"end":{"line":43,"column":null}},"10":{"start":{"line":42,"column":4},"end":{"line":42,"column":null}},"11":{"start":{"line":50,"column":2},"end":{"line":52,"column":null}},"12":{"start":{"line":51,"column":4},"end":{"line":51,"column":null}},"13":{"start":{"line":92,"column":45},"end":{"line":109,"column":null}},"14":{"start":{"line":112,"column":21},"end":{"line":112,"column":null}},"15":{"start":{"line":114,"column":13},"end":{"line":204,"column":null}},"16":{"start":{"line":114,"column":60},"end":{"line":204,"column":2}},"17":{"start":{"line":123,"column":4},"end":{"line":125,"column":null}},"18":{"start":{"line":123,"column":20},"end":{"line":125,"column":6}},"19":{"start":{"line":128,"column":4},"end":{"line":130,"column":null}},"20":{"start":{"line":128,"column":20},"end":{"line":130,"column":6}},"21":{"start":{"line":133,"column":4},"end":{"line":135,"column":null}},"22":{"start":{"line":133,"column":20},"end":{"line":135,"column":6}},"23":{"start":{"line":138,"column":4},"end":{"line":140,"column":null}},"24":{"start":{"line":138,"column":20},"end":{"line":140,"column":6}},"25":{"start":{"line":143,"column":4},"end":{"line":151,"column":null}},"26":{"start":{"line":143,"column":20},"end":{"line":151,"column":6}},"27":{"start":{"line":154,"column":4},"end":{"line":162,"column":null}},"28":{"start":{"line":154,"column":20},"end":{"line":162,"column":6}},"29":{"start":{"line":165,"column":4},"end":{"line":167,"column":null}},"30":{"start":{"line":165,"column":20},"end":{"line":167,"column":6}},"31":{"start":{"line":170,"column":4},"end":{"line":173,"column":null}},"32":{"start":{"line":175,"column":33},"end":{"line":175,"column":null}},"33":{"start":{"line":176,"column":37},"end":{"line":176,"column":null}},"34":{"start":{"line":179,"column":4},"end":{"line":186,"column":null}},"35":{"start":{"line":180,"column":22},"end":{"line":180,"column":null}},"36":{"start":{"line":182,"column":6},"end":{"line":182,"column":null}},"37":{"start":{"line":184,"column":6},"end":{"line":184,"column":null}},"38":{"start":{"line":185,"column":6},"end":{"line":185,"column":null}},"39":{"start":{"line":189,"column":4},"end":{"line":195,"column":null}},"40":{"start":{"line":191,"column":6},"end":{"line":191,"column":null}},"41":{"start":{"line":193,"column":6},"end":{"line":193,"column":null}},"42":{"start":{"line":194,"column":6},"end":{"line":194,"column":null}},"43":{"start":{"line":198,"column":4},"end":{"line":203,"column":null}},"44":{"start":{"line":199,"column":21},"end":{"line":199,"column":null}},"45":{"start":{"line":201,"column":6},"end":{"line":201,"column":null}},"46":{"start":{"line":202,"column":6},"end":{"line":202,"column":null}},"47":{"start":{"line":207,"column":0},"end":{"line":223,"column":null}},"48":{"start":{"line":209,"column":2},"end":{"line":209,"column":null}},"49":{"start":{"line":212,"column":2},"end":{"line":222,"column":null}},"50":{"start":{"line":213,"column":23},"end":{"line":213,"column":null}},"51":{"start":{"line":214,"column":4},"end":{"line":221,"column":null}},"52":{"start":{"line":216,"column":26},"end":{"line":216,"column":null}},"53":{"start":{"line":217,"column":6},"end":{"line":220,"column":null}},"54":{"start":{"line":218,"column":22},"end":{"line":218,"column":null}},"55":{"start":{"line":219,"column":8},"end":{"line":219,"column":null}}},"fnMap":{"0":{"name":"getInitialTheme","decl":{"start":{"line":16,"column":9},"end":{"line":16,"column":36}},"loc":{"start":{"line":16,"column":36},"end":{"line":35,"column":null}},"line":16},"1":{"name":"applyTheme","decl":{"start":{"line":40,"column":9},"end":{"line":40,"column":20}},"loc":{"start":{"line":40,"column":43},"end":{"line":44,"column":null}},"line":40},"2":{"name":"persistTheme","decl":{"start":{"line":49,"column":9},"end":{"line":49,"column":22}},"loc":{"start":{"line":49,"column":45},"end":{"line":53,"column":null}},"line":49},"3":{"name":"(anonymous_3)","decl":{"start":{"line":114,"column":50},"end":{"line":114,"column":51}},"loc":{"start":{"line":114,"column":60},"end":{"line":204,"column":2}},"line":114},"4":{"name":"(anonymous_4)","decl":{"start":{"line":122,"column":16},"end":{"line":122,"column":17}},"loc":{"start":{"line":123,"column":4},"end":{"line":125,"column":null}},"line":123},"5":{"name":"(anonymous_5)","decl":{"start":{"line":123,"column":8},"end":{"line":123,"column":9}},"loc":{"start":{"line":123,"column":20},"end":{"line":125,"column":6}},"line":123},"6":{"name":"(anonymous_6)","decl":{"start":{"line":127,"column":12},"end":{"line":127,"column":13}},"loc":{"start":{"line":128,"column":4},"end":{"line":130,"column":null}},"line":128},"7":{"name":"(anonymous_7)","decl":{"start":{"line":128,"column":8},"end":{"line":128,"column":9}},"loc":{"start":{"line":128,"column":20},"end":{"line":130,"column":6}},"line":128},"8":{"name":"(anonymous_8)","decl":{"start":{"line":132,"column":14},"end":{"line":132,"column":15}},"loc":{"start":{"line":133,"column":4},"end":{"line":135,"column":null}},"line":133},"9":{"name":"(anonymous_9)","decl":{"start":{"line":133,"column":8},"end":{"line":133,"column":9}},"loc":{"start":{"line":133,"column":20},"end":{"line":135,"column":6}},"line":133},"10":{"name":"(anonymous_10)","decl":{"start":{"line":137,"column":14},"end":{"line":137,"column":15}},"loc":{"start":{"line":138,"column":4},"end":{"line":140,"column":null}},"line":138},"11":{"name":"(anonymous_11)","decl":{"start":{"line":138,"column":8},"end":{"line":138,"column":9}},"loc":{"start":{"line":138,"column":20},"end":{"line":140,"column":6}},"line":138},"12":{"name":"(anonymous_12)","decl":{"start":{"line":142,"column":21},"end":{"line":142,"column":22}},"loc":{"start":{"line":143,"column":4},"end":{"line":151,"column":null}},"line":143},"13":{"name":"(anonymous_13)","decl":{"start":{"line":143,"column":8},"end":{"line":143,"column":9}},"loc":{"start":{"line":143,"column":20},"end":{"line":151,"column":6}},"line":143},"14":{"name":"(anonymous_14)","decl":{"start":{"line":153,"column":20},"end":{"line":153,"column":21}},"loc":{"start":{"line":154,"column":4},"end":{"line":162,"column":null}},"line":154},"15":{"name":"(anonymous_15)","decl":{"start":{"line":154,"column":8},"end":{"line":154,"column":9}},"loc":{"start":{"line":154,"column":20},"end":{"line":162,"column":6}},"line":154},"16":{"name":"(anonymous_16)","decl":{"start":{"line":164,"column":13},"end":{"line":164,"column":14}},"loc":{"start":{"line":165,"column":4},"end":{"line":167,"column":null}},"line":165},"17":{"name":"(anonymous_17)","decl":{"start":{"line":165,"column":8},"end":{"line":165,"column":9}},"loc":{"start":{"line":165,"column":20},"end":{"line":167,"column":6}},"line":165},"18":{"name":"(anonymous_18)","decl":{"start":{"line":169,"column":15},"end":{"line":169,"column":null}},"loc":{"start":{"line":170,"column":4},"end":{"line":173,"column":null}},"line":170},"19":{"name":"(anonymous_19)","decl":{"start":{"line":175,"column":17},"end":{"line":175,"column":18}},"loc":{"start":{"line":175,"column":33},"end":{"line":175,"column":null}},"line":175},"20":{"name":"(anonymous_20)","decl":{"start":{"line":176,"column":19},"end":{"line":176,"column":20}},"loc":{"start":{"line":176,"column":37},"end":{"line":176,"column":null}},"line":176},"21":{"name":"(anonymous_21)","decl":{"start":{"line":178,"column":18},"end":{"line":178,"column":null}},"loc":{"start":{"line":179,"column":4},"end":{"line":186,"column":null}},"line":179},"22":{"name":"(anonymous_22)","decl":{"start":{"line":179,"column":8},"end":{"line":179,"column":9}},"loc":{"start":{"line":179,"column":19},"end":{"line":186,"column":5}},"line":179},"23":{"name":"(anonymous_23)","decl":{"start":{"line":188,"column":15},"end":{"line":188,"column":16}},"loc":{"start":{"line":189,"column":4},"end":{"line":195,"column":null}},"line":189},"24":{"name":"(anonymous_24)","decl":{"start":{"line":189,"column":8},"end":{"line":189,"column":14}},"loc":{"start":{"line":189,"column":14},"end":{"line":195,"column":5}},"line":189},"25":{"name":"(anonymous_25)","decl":{"start":{"line":197,"column":19},"end":{"line":197,"column":null}},"loc":{"start":{"line":198,"column":4},"end":{"line":203,"column":null}},"line":198},"26":{"name":"(anonymous_26)","decl":{"start":{"line":198,"column":8},"end":{"line":198,"column":14}},"loc":{"start":{"line":198,"column":14},"end":{"line":203,"column":5}},"line":198},"27":{"name":"(anonymous_27)","decl":{"start":{"line":214,"column":42},"end":{"line":214,"column":43}},"loc":{"start":{"line":214,"column":49},"end":{"line":221,"column":5}},"line":214}},"branchMap":{"0":{"loc":{"start":{"line":18,"column":2},"end":{"line":20,"column":null}},"type":"if","locations":[{"start":{"line":18,"column":2},"end":{"line":20,"column":null}},{"start":{},"end":{}}],"line":18},"1":{"loc":{"start":{"line":24,"column":2},"end":{"line":26,"column":null}},"type":"if","locations":[{"start":{"line":24,"column":2},"end":{"line":26,"column":null}},{"start":{},"end":{}}],"line":24},"2":{"loc":{"start":{"line":29,"column":2},"end":{"line":31,"column":null}},"type":"if","locations":[{"start":{"line":29,"column":2},"end":{"line":31,"column":null}},{"start":{},"end":{}}],"line":29},"3":{"loc":{"start":{"line":29,"column":6},"end":{"line":29,"column":86}},"type":"binary-expr","locations":[{"start":{"line":29,"column":6},"end":{"line":29,"column":27}},{"start":{"line":29,"column":27},"end":{"line":29,"column":86}}],"line":29},"4":{"loc":{"start":{"line":41,"column":2},"end":{"line":43,"column":null}},"type":"if","locations":[{"start":{"line":41,"column":2},"end":{"line":43,"column":null}},{"start":{},"end":{}}],"line":41},"5":{"loc":{"start":{"line":50,"column":2},"end":{"line":52,"column":null}},"type":"if","locations":[{"start":{"line":50,"column":2},"end":{"line":52,"column":null}},{"start":{},"end":{}}],"line":50},"6":{"loc":{"start":{"line":51,"column":44},"end":{"line":51,"column":69}},"type":"cond-expr","locations":[{"start":{"line":51,"column":53},"end":{"line":51,"column":62}},{"start":{"line":51,"column":62},"end":{"line":51,"column":69}}],"line":51},"7":{"loc":{"start":{"line":112,"column":21},"end":{"line":112,"column":null}},"type":"cond-expr","locations":[{"start":{"line":112,"column":53},"end":{"line":112,"column":73}},{"start":{"line":112,"column":73},"end":{"line":112,"column":null}}],"line":112},"8":{"loc":{"start":{"line":207,"column":0},"end":{"line":223,"column":null}},"type":"if","locations":[{"start":{"line":207,"column":0},"end":{"line":223,"column":null}},{"start":{},"end":{}}],"line":207},"9":{"loc":{"start":{"line":212,"column":2},"end":{"line":222,"column":null}},"type":"if","locations":[{"start":{"line":212,"column":2},"end":{"line":222,"column":null}},{"start":{},"end":{}}],"line":212},"10":{"loc":{"start":{"line":217,"column":6},"end":{"line":220,"column":null}},"type":"if","locations":[{"start":{"line":217,"column":6},"end":{"line":220,"column":null}},{"start":{},"end":{}}],"line":217}},"s":{"0":10,"1":10,"2":0,"3":10,"4":10,"5":0,"6":10,"7":0,"8":10,"9":18,"10":18,"11":8,"12":8,"13":10,"14":10,"15":10,"16":10,"17":14,"18":14,"19":10,"20":10,"21":6,"22":6,"23":8,"24":8,"25":20,"26":20,"27":29,"28":29,"29":0,"30":0,"31":10,"32":19,"33":29,"34":4,"35":4,"36":4,"37":4,"38":4,"39":4,"40":4,"41":4,"42":4,"43":0,"44":0,"45":0,"46":0,"47":10,"48":10,"49":10,"50":0,"51":0,"52":0,"53":0,"54":0,"55":0},"f":{"0":10,"1":18,"2":8,"3":10,"4":14,"5":14,"6":10,"7":10,"8":6,"9":6,"10":8,"11":8,"12":20,"13":20,"14":29,"15":29,"16":0,"17":0,"18":10,"19":19,"20":29,"21":4,"22":4,"23":4,"24":4,"25":0,"26":0,"27":0},"b":{"0":[0,10],"1":[0,10],"2":[0,10],"3":[10,0],"4":[18,0],"5":[8,0],"6":[4,4],"7":[10,0],"8":[10,0],"9":[0,10],"10":[0,0]},"meta":{"lastBranch":11,"lastFunction":28,"lastStatement":56,"seen":{"s:10:26:10:Infinity":0,"f:16:9:16:36":0,"b:18:2:20:Infinity:undefined:undefined:undefined:undefined":0,"s:18:2:20:Infinity":1,"s:19:4:19:Infinity":2,"s:23:22:23:Infinity":3,"b:24:2:26:Infinity:undefined:undefined:undefined:undefined":1,"s:24:2:26:Infinity":4,"s:25:4:25:Infinity":5,"b:29:2:31:Infinity:undefined:undefined:undefined:undefined":2,"s:29:2:31:Infinity":6,"b:29:6:29:27:29:27:29:86":3,"s:30:4:30:Infinity":7,"s:34:2:34:Infinity":8,"f:40:9:40:20":1,"b:41:2:43:Infinity:undefined:undefined:undefined:undefined":4,"s:41:2:43:Infinity":9,"s:42:4:42:Infinity":10,"f:49:9:49:22":2,"b:50:2:52:Infinity:undefined:undefined:undefined:undefined":5,"s:50:2:52:Infinity":11,"s:51:4:51:Infinity":12,"b:51:53:51:62:51:62:51:69":6,"s:92:45:109:Infinity":13,"s:112:21:112:Infinity":14,"b:112:53:112:73:112:73:112:Infinity":7,"s:114:13:204:Infinity":15,"f:114:50:114:51":3,"s:114:60:204:2":16,"f:122:16:122:17":4,"s:123:4:125:Infinity":17,"f:123:8:123:9":5,"s:123:20:125:6":18,"f:127:12:127:13":6,"s:128:4:130:Infinity":19,"f:128:8:128:9":7,"s:128:20:130:6":20,"f:132:14:132:15":8,"s:133:4:135:Infinity":21,"f:133:8:133:9":9,"s:133:20:135:6":22,"f:137:14:137:15":10,"s:138:4:140:Infinity":23,"f:138:8:138:9":11,"s:138:20:140:6":24,"f:142:21:142:22":12,"s:143:4:151:Infinity":25,"f:143:8:143:9":13,"s:143:20:151:6":26,"f:153:20:153:21":14,"s:154:4:162:Infinity":27,"f:154:8:154:9":15,"s:154:20:162:6":28,"f:164:13:164:14":16,"s:165:4:167:Infinity":29,"f:165:8:165:9":17,"s:165:20:167:6":30,"f:169:15:169:Infinity":18,"s:170:4:173:Infinity":31,"f:175:17:175:18":19,"s:175:33:175:Infinity":32,"f:176:19:176:20":20,"s:176:37:176:Infinity":33,"f:178:18:178:Infinity":21,"s:179:4:186:Infinity":34,"f:179:8:179:9":22,"s:180:22:180:Infinity":35,"s:182:6:182:Infinity":36,"s:184:6:184:Infinity":37,"s:185:6:185:Infinity":38,"f:188:15:188:16":23,"s:189:4:195:Infinity":39,"f:189:8:189:14":24,"s:191:6:191:Infinity":40,"s:193:6:193:Infinity":41,"s:194:6:194:Infinity":42,"f:197:19:197:Infinity":25,"s:198:4:203:Infinity":43,"f:198:8:198:14":26,"s:199:21:199:Infinity":44,"s:201:6:201:Infinity":45,"s:202:6:202:Infinity":46,"b:207:0:223:Infinity:undefined:undefined:undefined:undefined":8,"s:207:0:223:Infinity":47,"s:209:2:209:Infinity":48,"b:212:2:222:Infinity:undefined:undefined:undefined:undefined":9,"s:212:2:222:Infinity":49,"s:213:23:213:Infinity":50,"s:214:4:221:Infinity":51,"f:214:42:214:43":27,"s:216:26:216:Infinity":52,"b:217:6:220:Infinity:undefined:undefined:undefined:undefined":10,"s:217:6:220:Infinity":53,"s:218:22:218:Infinity":54,"s:219:8:219:Infinity":55}}}
,"/workspace/web/frontend/src/types/config.ts": {"path":"/workspace/web/frontend/src/types/config.ts","statementMap":{"0":{"start":{"line":86,"column":5},"end":{"line":102,"column":null}},"1":{"start":{"line":104,"column":46},"end":{"line":121,"column":null}}},"fnMap":{},"branchMap":{},"s":{"0":3,"1":3},"f":{},"b":{},"meta":{"lastBranch":0,"lastFunction":0,"lastStatement":2,"seen":{"s:86:5:102:Infinity":0,"s:104:46:121:Infinity":1}}}
}
